2024-07-16 00:04:28.633 -06:00 [WRN] Sensitive data logging is enabled. Log entries and exception messages may include sensitive application data; this mode should only be enabled during development.
2024-07-16 00:04:28.689 -06:00 [WRN] The entity type 'Address' is an optional dependent using table sharing without any required non shared property that could be used to identify whether the entity exists. If all nullable properties contain a null value in database then an object instance won't be created in the query. Add a required property to create instances with null values for other properties or mark the incoming navigation as required to always create an instance.
2024-07-16 00:04:28.696 -06:00 [WRN] No store type was specified for the decimal property 'Price' on entity type 'Dish'. This will cause values to be silently truncated if they do not fit in the default precision and scale. Explicitly specify the SQL server column type that can accommodate all the values in 'OnModelCreating' using 'HasColumnType', specify precision and scale using 'HasPrecision', or configure a value converter using 'HasConversion'.
2024-07-16 00:04:28.971 -06:00 [INF] Executed DbCommand (16ms) [Parameters=[], CommandType='"Text"', CommandTimeout='30']
SELECT 1
2024-07-16 00:04:29.116 -06:00 [INF] Executed DbCommand (6ms) [Parameters=[], CommandType='"Text"', CommandTimeout='30']
SELECT CASE
    WHEN EXISTS (
        SELECT 1
        FROM [Restaurants] AS [r]) THEN CAST(1 AS bit)
    ELSE CAST(0 AS bit)
END
2024-07-16 00:04:58.131 -06:00 [WRN] Sensitive data logging is enabled. Log entries and exception messages may include sensitive application data; this mode should only be enabled during development.
2024-07-16 00:04:58.183 -06:00 [WRN] The entity type 'Address' is an optional dependent using table sharing without any required non shared property that could be used to identify whether the entity exists. If all nullable properties contain a null value in database then an object instance won't be created in the query. Add a required property to create instances with null values for other properties or mark the incoming navigation as required to always create an instance.
2024-07-16 00:04:58.189 -06:00 [WRN] No store type was specified for the decimal property 'Price' on entity type 'Dish'. This will cause values to be silently truncated if they do not fit in the default precision and scale. Explicitly specify the SQL server column type that can accommodate all the values in 'OnModelCreating' using 'HasColumnType', specify precision and scale using 'HasPrecision', or configure a value converter using 'HasConversion'.
2024-07-16 00:04:58.430 -06:00 [INF] Executed DbCommand (14ms) [Parameters=[], CommandType='"Text"', CommandTimeout='30']
SELECT 1
2024-07-16 00:04:58.559 -06:00 [INF] Executed DbCommand (3ms) [Parameters=[], CommandType='"Text"', CommandTimeout='30']
SELECT CASE
    WHEN EXISTS (
        SELECT 1
        FROM [Restaurants] AS [r]) THEN CAST(1 AS bit)
    ELSE CAST(0 AS bit)
END
2024-07-16 00:06:23.668 -06:00 [WRN] Sensitive data logging is enabled. Log entries and exception messages may include sensitive application data; this mode should only be enabled during development.
2024-07-16 00:06:23.722 -06:00 [WRN] The entity type 'Address' is an optional dependent using table sharing without any required non shared property that could be used to identify whether the entity exists. If all nullable properties contain a null value in database then an object instance won't be created in the query. Add a required property to create instances with null values for other properties or mark the incoming navigation as required to always create an instance.
2024-07-16 00:06:23.728 -06:00 [WRN] No store type was specified for the decimal property 'Price' on entity type 'Dish'. This will cause values to be silently truncated if they do not fit in the default precision and scale. Explicitly specify the SQL server column type that can accommodate all the values in 'OnModelCreating' using 'HasColumnType', specify precision and scale using 'HasPrecision', or configure a value converter using 'HasConversion'.
2024-07-16 00:06:24.058 -06:00 [INF] Executed DbCommand (10ms) [Parameters=[], CommandType='"Text"', CommandTimeout='30']
SELECT CASE
    WHEN EXISTS (
        SELECT 1
        FROM [Restaurants] AS [r]) THEN CAST(1 AS bit)
    ELSE CAST(0 AS bit)
END
2024-07-16 00:06:24.074 -06:00 [INF] Executed DbCommand (2ms) [Parameters=[], CommandType='"Text"', CommandTimeout='30']
SELECT CASE
    WHEN EXISTS (
        SELECT 1
        FROM [AspNetRoles] AS [a]) THEN CAST(1 AS bit)
    ELSE CAST(0 AS bit)
END
2024-07-16 00:06:24.175 -06:00 [INF] Executed DbCommand (22ms) [Parameters=[@p0='004380df-57d5-4670-a70c-f0b25d8f1591' (Nullable = false) (Size = 450), @p1=NULL (Size = 4000), @p2='Admin' (Size = 256), @p3=NULL (Size = 256), @p4='121d3d0c-bf5b-46e2-bf9d-5d46f9683abc' (Nullable = false) (Size = 450), @p5=NULL (Size = 4000), @p6='User' (Size = 256), @p7=NULL (Size = 256), @p8='51665dc0-c5a8-4aa5-b597-b2db54b70d29' (Nullable = false) (Size = 450), @p9=NULL (Size = 4000), @p10='Owner' (Size = 256), @p11=NULL (Size = 256)], CommandType='"Text"', CommandTimeout='30']
SET IMPLICIT_TRANSACTIONS OFF;
SET NOCOUNT ON;
INSERT INTO [AspNetRoles] ([Id], [ConcurrencyStamp], [Name], [NormalizedName])
VALUES (@p0, @p1, @p2, @p3),
(@p4, @p5, @p6, @p7),
(@p8, @p9, @p10, @p11);
2024-07-16 00:06:41.209 -06:00 [WRN] Sensitive data logging is enabled. Log entries and exception messages may include sensitive application data; this mode should only be enabled during development.
2024-07-16 00:06:41.262 -06:00 [WRN] The entity type 'Address' is an optional dependent using table sharing without any required non shared property that could be used to identify whether the entity exists. If all nullable properties contain a null value in database then an object instance won't be created in the query. Add a required property to create instances with null values for other properties or mark the incoming navigation as required to always create an instance.
2024-07-16 00:06:41.268 -06:00 [WRN] No store type was specified for the decimal property 'Price' on entity type 'Dish'. This will cause values to be silently truncated if they do not fit in the default precision and scale. Explicitly specify the SQL server column type that can accommodate all the values in 'OnModelCreating' using 'HasColumnType', specify precision and scale using 'HasPrecision', or configure a value converter using 'HasConversion'.
2024-07-16 00:06:41.590 -06:00 [INF] Executed DbCommand (11ms) [Parameters=[], CommandType='"Text"', CommandTimeout='30']
SELECT CASE
    WHEN EXISTS (
        SELECT 1
        FROM [Restaurants] AS [r]) THEN CAST(1 AS bit)
    ELSE CAST(0 AS bit)
END
2024-07-16 00:06:44.593 -06:00 [INF] Executed DbCommand (1ms) [Parameters=[], CommandType='"Text"', CommandTimeout='30']
SELECT CASE
    WHEN EXISTS (
        SELECT 1
        FROM [AspNetRoles] AS [a]) THEN CAST(1 AS bit)
    ELSE CAST(0 AS bit)
END
2024-07-16 00:08:25.212 -06:00 [INF] Executed DbCommand (24ms) [Parameters=[@__normalizedUserName_0='ADMIN@GMAIL.COM' (Size = 256)], CommandType='"Text"', CommandTimeout='30']
SELECT TOP(1) [a].[Id], [a].[AccessFailedCount], [a].[ConcurrencyStamp], [a].[DateOfBirth], [a].[Email], [a].[EmailConfirmed], [a].[LockoutEnabled], [a].[LockoutEnd], [a].[Nationality], [a].[NormalizedEmail], [a].[NormalizedUserName], [a].[PasswordHash], [a].[PhoneNumber], [a].[PhoneNumberConfirmed], [a].[SecurityStamp], [a].[TwoFactorEnabled], [a].[UserName]
FROM [AspNetUsers] AS [a]
WHERE [a].[NormalizedUserName] = @__normalizedUserName_0
2024-07-16 00:08:25.333 -06:00 [INF] Executed DbCommand (5ms) [Parameters=[@p0='509c45dd-6949-4778-8452-b31c5b9027b8' (Nullable = false) (Size = 450), @p1='0', @p2='18e3b527-6a3d-48d1-982f-2ccf853a60f4' (Size = 4000), @p3=NULL (DbType = Date), @p4='admin@gmail.com' (Size = 256), @p5='False', @p6='True', @p7=NULL (DbType = DateTimeOffset), @p8=NULL (Size = 4000), @p9='ADMIN@GMAIL.COM' (Size = 256), @p10='ADMIN@GMAIL.COM' (Size = 256), @p11='AQAAAAIAAYagAAAAEFHxr65Ac0RkVTq5dA0+l7tp2qSwpXkp3dQ89+XwmoR3USrlpOLGuUak/NCflHRXQQ==' (Size = 4000), @p12=NULL (Size = 4000), @p13='False', @p14='BTPSVEVMWI4IQ5U73FSQMW2JLOBSQXES' (Size = 4000), @p15='False', @p16='admin@gmail.com' (Size = 256)], CommandType='"Text"', CommandTimeout='30']
SET IMPLICIT_TRANSACTIONS OFF;
SET NOCOUNT ON;
INSERT INTO [AspNetUsers] ([Id], [AccessFailedCount], [ConcurrencyStamp], [DateOfBirth], [Email], [EmailConfirmed], [LockoutEnabled], [LockoutEnd], [Nationality], [NormalizedEmail], [NormalizedUserName], [PasswordHash], [PhoneNumber], [PhoneNumberConfirmed], [SecurityStamp], [TwoFactorEnabled], [UserName])
VALUES (@p0, @p1, @p2, @p3, @p4, @p5, @p6, @p7, @p8, @p9, @p10, @p11, @p12, @p13, @p14, @p15, @p16);
2024-07-16 00:08:25.355 -06:00 [INF] HTTP POST /api/identity/register responded 200 in 310.6967 ms
2024-07-16 00:08:32.385 -06:00 [INF] Executed DbCommand (1ms) [Parameters=[@__normalizedUserName_0='USER@GMAIL.COM' (Size = 256)], CommandType='"Text"', CommandTimeout='30']
SELECT TOP(1) [a].[Id], [a].[AccessFailedCount], [a].[ConcurrencyStamp], [a].[DateOfBirth], [a].[Email], [a].[EmailConfirmed], [a].[LockoutEnabled], [a].[LockoutEnd], [a].[Nationality], [a].[NormalizedEmail], [a].[NormalizedUserName], [a].[PasswordHash], [a].[PhoneNumber], [a].[PhoneNumberConfirmed], [a].[SecurityStamp], [a].[TwoFactorEnabled], [a].[UserName]
FROM [AspNetUsers] AS [a]
WHERE [a].[NormalizedUserName] = @__normalizedUserName_0
2024-07-16 00:08:32.388 -06:00 [INF] Executed DbCommand (1ms) [Parameters=[@p0='fa02a3ed-be5e-4c09-a8ec-3a35a277bcc3' (Nullable = false) (Size = 450), @p1='0', @p2='0bf274ca-b0cb-45fe-8b1a-c3e6c61da3cc' (Size = 4000), @p3=NULL (DbType = Date), @p4='user@gmail.com' (Size = 256), @p5='False', @p6='True', @p7=NULL (DbType = DateTimeOffset), @p8=NULL (Size = 4000), @p9='USER@GMAIL.COM' (Size = 256), @p10='USER@GMAIL.COM' (Size = 256), @p11='AQAAAAIAAYagAAAAEI9ptgRaQki9RLKFpS26nCWVDbPXSfEeivZFfaH6vBhMDBseV6pjmwb0lmJcnGHoYQ==' (Size = 4000), @p12=NULL (Size = 4000), @p13='False', @p14='BUPWM4SZVD7QSSPOGOEASXZMLZQXUMEJ' (Size = 4000), @p15='False', @p16='user@gmail.com' (Size = 256)], CommandType='"Text"', CommandTimeout='30']
SET IMPLICIT_TRANSACTIONS OFF;
SET NOCOUNT ON;
INSERT INTO [AspNetUsers] ([Id], [AccessFailedCount], [ConcurrencyStamp], [DateOfBirth], [Email], [EmailConfirmed], [LockoutEnabled], [LockoutEnd], [Nationality], [NormalizedEmail], [NormalizedUserName], [PasswordHash], [PhoneNumber], [PhoneNumberConfirmed], [SecurityStamp], [TwoFactorEnabled], [UserName])
VALUES (@p0, @p1, @p2, @p3, @p4, @p5, @p6, @p7, @p8, @p9, @p10, @p11, @p12, @p13, @p14, @p15, @p16);
2024-07-16 00:08:32.390 -06:00 [INF] HTTP POST /api/identity/register responded 200 in 81.3606 ms
2024-07-16 00:08:36.763 -06:00 [INF] Executed DbCommand (2ms) [Parameters=[@__normalizedUserName_0='OWNER@GMAIL.COM' (Size = 256)], CommandType='"Text"', CommandTimeout='30']
SELECT TOP(1) [a].[Id], [a].[AccessFailedCount], [a].[ConcurrencyStamp], [a].[DateOfBirth], [a].[Email], [a].[EmailConfirmed], [a].[LockoutEnabled], [a].[LockoutEnd], [a].[Nationality], [a].[NormalizedEmail], [a].[NormalizedUserName], [a].[PasswordHash], [a].[PhoneNumber], [a].[PhoneNumberConfirmed], [a].[SecurityStamp], [a].[TwoFactorEnabled], [a].[UserName]
FROM [AspNetUsers] AS [a]
WHERE [a].[NormalizedUserName] = @__normalizedUserName_0
2024-07-16 00:08:36.767 -06:00 [INF] Executed DbCommand (1ms) [Parameters=[@p0='fce61576-f20d-4e16-a581-7238a2610ab3' (Nullable = false) (Size = 450), @p1='0', @p2='0df1b079-d228-4e5f-aeed-f9138c05b33e' (Size = 4000), @p3=NULL (DbType = Date), @p4='owner@gmail.com' (Size = 256), @p5='False', @p6='True', @p7=NULL (DbType = DateTimeOffset), @p8=NULL (Size = 4000), @p9='OWNER@GMAIL.COM' (Size = 256), @p10='OWNER@GMAIL.COM' (Size = 256), @p11='AQAAAAIAAYagAAAAEBdRJa7T77LXO68L1Q6NMQDPjYmBAHJWO4NK/BRLBM0jeidqkjgFP424gKtRUdXNHg==' (Size = 4000), @p12=NULL (Size = 4000), @p13='False', @p14='GKUH3TKY6OONZANVUX25C57IBTEV4QE2' (Size = 4000), @p15='False', @p16='owner@gmail.com' (Size = 256)], CommandType='"Text"', CommandTimeout='30']
SET IMPLICIT_TRANSACTIONS OFF;
SET NOCOUNT ON;
INSERT INTO [AspNetUsers] ([Id], [AccessFailedCount], [ConcurrencyStamp], [DateOfBirth], [Email], [EmailConfirmed], [LockoutEnabled], [LockoutEnd], [Nationality], [NormalizedEmail], [NormalizedUserName], [PasswordHash], [PhoneNumber], [PhoneNumberConfirmed], [SecurityStamp], [TwoFactorEnabled], [UserName])
VALUES (@p0, @p1, @p2, @p3, @p4, @p5, @p6, @p7, @p8, @p9, @p10, @p11, @p12, @p13, @p14, @p15, @p16);
2024-07-16 00:08:36.769 -06:00 [INF] HTTP POST /api/identity/register responded 200 in 55.6485 ms
2024-07-16 00:16:01.908 -06:00 [INF] Executed DbCommand (2ms) [Parameters=[@__normalizedUserName_0='ADMIN@GMAIL.COM' (Size = 256)], CommandType='"Text"', CommandTimeout='30']
SELECT TOP(1) [a].[Id], [a].[AccessFailedCount], [a].[ConcurrencyStamp], [a].[DateOfBirth], [a].[Email], [a].[EmailConfirmed], [a].[LockoutEnabled], [a].[LockoutEnd], [a].[Nationality], [a].[NormalizedEmail], [a].[NormalizedUserName], [a].[PasswordHash], [a].[PhoneNumber], [a].[PhoneNumberConfirmed], [a].[SecurityStamp], [a].[TwoFactorEnabled], [a].[UserName]
FROM [AspNetUsers] AS [a]
WHERE [a].[NormalizedUserName] = @__normalizedUserName_0
2024-07-16 00:16:01.982 -06:00 [INF] Executed DbCommand (1ms) [Parameters=[@__user_Id_0='509c45dd-6949-4778-8452-b31c5b9027b8' (Size = 450)], CommandType='"Text"', CommandTimeout='30']
SELECT [a].[Id], [a].[ClaimType], [a].[ClaimValue], [a].[UserId]
FROM [AspNetUserClaims] AS [a]
WHERE [a].[UserId] = @__user_Id_0
2024-07-16 00:16:01.993 -06:00 [INF] HTTP POST /api/identity/login responded 200 in 100.7584 ms
2024-07-16 00:16:55.919 -06:00 [INF] Creating restaurant with name {"Name":"Canela Desayunos","Description":"Delisious breakfast for everyonoe","Category":"Mexican","HasDelivery":true,"ContactEmail":"contact@samplerestaurant.com","ContactNumber":"123-456-7890","City":"Sample City","Street":"123 Sample Street","PostalCode":"12345","$type":"CreateRestaurantCommand"}
2024-07-16 00:16:55.972 -06:00 [INF] Executed DbCommand (2ms) [Parameters=[@p0='239d7006-0913-47ef-8322-08dca55ee487', @p1='Mexican' (Nullable = false) (Size = 4000), @p2='contact@samplerestaurant.com' (Size = 4000), @p3='123-456-7890' (Size = 4000), @p4='Delisious breakfast for everyonoe' (Nullable = false) (Size = 4000), @p5='True', @p6='Canela Desayunos' (Nullable = false) (Size = 4000), @p7='Sample City' (Size = 4000), @p8='12345' (Size = 4000), @p9='123 Sample Street' (Size = 4000)], CommandType='"Text"', CommandTimeout='30']
SET IMPLICIT_TRANSACTIONS OFF;
SET NOCOUNT ON;
INSERT INTO [Restaurants] ([Id], [Category], [ContactEmail], [ContactNumber], [Description], [HasDelivery], [Name], [Address_City], [Address_PostalCode], [Address_Street])
VALUES (@p0, @p1, @p2, @p3, @p4, @p5, @p6, @p7, @p8, @p9);
2024-07-16 00:16:55.983 -06:00 [INF] HTTP POST /api/restaurants/create responded 200 in 158.4118 ms
2024-07-16 00:17:12.504 -06:00 [WRN] Sensitive data logging is enabled. Log entries and exception messages may include sensitive application data; this mode should only be enabled during development.
2024-07-16 00:17:12.561 -06:00 [WRN] The entity type 'Address' is an optional dependent using table sharing without any required non shared property that could be used to identify whether the entity exists. If all nullable properties contain a null value in database then an object instance won't be created in the query. Add a required property to create instances with null values for other properties or mark the incoming navigation as required to always create an instance.
2024-07-16 00:17:12.567 -06:00 [WRN] No store type was specified for the decimal property 'Price' on entity type 'Dish'. This will cause values to be silently truncated if they do not fit in the default precision and scale. Explicitly specify the SQL server column type that can accommodate all the values in 'OnModelCreating' using 'HasColumnType', specify precision and scale using 'HasPrecision', or configure a value converter using 'HasConversion'.
2024-07-16 00:17:12.894 -06:00 [INF] Executed DbCommand (10ms) [Parameters=[], CommandType='"Text"', CommandTimeout='30']
SELECT CASE
    WHEN EXISTS (
        SELECT 1
        FROM [Restaurants] AS [r]) THEN CAST(1 AS bit)
    ELSE CAST(0 AS bit)
END
2024-07-16 00:17:12.909 -06:00 [INF] Executed DbCommand (1ms) [Parameters=[], CommandType='"Text"', CommandTimeout='30']
SELECT CASE
    WHEN EXISTS (
        SELECT 1
        FROM [AspNetRoles] AS [a]) THEN CAST(1 AS bit)
    ELSE CAST(0 AS bit)
END
2024-07-16 00:17:21.776 -06:00 [INF] HTTP POST /api/restaurants/create responded 403 in 4.3296 ms
2024-07-16 00:17:30.654 -06:00 [INF] Executed DbCommand (19ms) [Parameters=[@__normalizedUserName_0='OWNER@GMAIL.COM' (Size = 256)], CommandType='"Text"', CommandTimeout='30']
SELECT TOP(1) [a].[Id], [a].[AccessFailedCount], [a].[ConcurrencyStamp], [a].[DateOfBirth], [a].[Email], [a].[EmailConfirmed], [a].[LockoutEnabled], [a].[LockoutEnd], [a].[Nationality], [a].[NormalizedEmail], [a].[NormalizedUserName], [a].[PasswordHash], [a].[PhoneNumber], [a].[PhoneNumberConfirmed], [a].[SecurityStamp], [a].[TwoFactorEnabled], [a].[UserName]
FROM [AspNetUsers] AS [a]
WHERE [a].[NormalizedUserName] = @__normalizedUserName_0
2024-07-16 00:17:30.775 -06:00 [INF] Executed DbCommand (1ms) [Parameters=[@__user_Id_0='fce61576-f20d-4e16-a581-7238a2610ab3' (Size = 450)], CommandType='"Text"', CommandTimeout='30']
SELECT [a].[Id], [a].[ClaimType], [a].[ClaimValue], [a].[UserId]
FROM [AspNetUserClaims] AS [a]
WHERE [a].[UserId] = @__user_Id_0
2024-07-16 00:17:30.786 -06:00 [INF] HTTP POST /api/identity/login responded 200 in 209.8229 ms
2024-07-16 00:17:48.797 -06:00 [INF] HTTP POST /api/restaurants/create responded 403 in 0.9017 ms
2024-07-16 00:20:16.922 -06:00 [WRN] Sensitive data logging is enabled. Log entries and exception messages may include sensitive application data; this mode should only be enabled during development.
2024-07-16 00:20:16.998 -06:00 [WRN] The entity type 'Address' is an optional dependent using table sharing without any required non shared property that could be used to identify whether the entity exists. If all nullable properties contain a null value in database then an object instance won't be created in the query. Add a required property to create instances with null values for other properties or mark the incoming navigation as required to always create an instance.
2024-07-16 00:20:17.005 -06:00 [WRN] No store type was specified for the decimal property 'Price' on entity type 'Dish'. This will cause values to be silently truncated if they do not fit in the default precision and scale. Explicitly specify the SQL server column type that can accommodate all the values in 'OnModelCreating' using 'HasColumnType', specify precision and scale using 'HasPrecision', or configure a value converter using 'HasConversion'.
2024-07-16 00:20:17.374 -06:00 [INF] Executed DbCommand (10ms) [Parameters=[], CommandType='"Text"', CommandTimeout='30']
SELECT CASE
    WHEN EXISTS (
        SELECT 1
        FROM [Restaurants] AS [r]) THEN CAST(1 AS bit)
    ELSE CAST(0 AS bit)
END
2024-07-16 00:20:17.390 -06:00 [INF] Executed DbCommand (2ms) [Parameters=[], CommandType='"Text"', CommandTimeout='30']
SELECT CASE
    WHEN EXISTS (
        SELECT 1
        FROM [AspNetRoles] AS [a]) THEN CAST(1 AS bit)
    ELSE CAST(0 AS bit)
END
2024-07-16 00:20:25.163 -06:00 [WRN] Sensitive data logging is enabled. Log entries and exception messages may include sensitive application data; this mode should only be enabled during development.
2024-07-16 00:20:25.221 -06:00 [WRN] The entity type 'Address' is an optional dependent using table sharing without any required non shared property that could be used to identify whether the entity exists. If all nullable properties contain a null value in database then an object instance won't be created in the query. Add a required property to create instances with null values for other properties or mark the incoming navigation as required to always create an instance.
2024-07-16 00:20:25.228 -06:00 [WRN] No store type was specified for the decimal property 'Price' on entity type 'Dish'. This will cause values to be silently truncated if they do not fit in the default precision and scale. Explicitly specify the SQL server column type that can accommodate all the values in 'OnModelCreating' using 'HasColumnType', specify precision and scale using 'HasPrecision', or configure a value converter using 'HasConversion'.
2024-07-16 00:20:25.584 -06:00 [INF] Executed DbCommand (10ms) [Parameters=[], CommandType='"Text"', CommandTimeout='30']
SELECT CASE
    WHEN EXISTS (
        SELECT 1
        FROM [Restaurants] AS [r]) THEN CAST(1 AS bit)
    ELSE CAST(0 AS bit)
END
2024-07-16 00:20:25.599 -06:00 [INF] Executed DbCommand (1ms) [Parameters=[], CommandType='"Text"', CommandTimeout='30']
SELECT CASE
    WHEN EXISTS (
        SELECT 1
        FROM [AspNetRoles] AS [a]) THEN CAST(1 AS bit)
    ELSE CAST(0 AS bit)
END
2024-07-16 00:20:31.713 -06:00 [INF] Executed DbCommand (18ms) [Parameters=[@__normalizedUserName_0='OWNER@GMAIL.COM' (Size = 256)], CommandType='"Text"', CommandTimeout='30']
SELECT TOP(1) [a].[Id], [a].[AccessFailedCount], [a].[ConcurrencyStamp], [a].[DateOfBirth], [a].[Email], [a].[EmailConfirmed], [a].[LockoutEnabled], [a].[LockoutEnd], [a].[Nationality], [a].[NormalizedEmail], [a].[NormalizedUserName], [a].[PasswordHash], [a].[PhoneNumber], [a].[PhoneNumberConfirmed], [a].[SecurityStamp], [a].[TwoFactorEnabled], [a].[UserName]
FROM [AspNetUsers] AS [a]
WHERE [a].[NormalizedUserName] = @__normalizedUserName_0
2024-07-16 00:20:31.839 -06:00 [INF] Executed DbCommand (3ms) [Parameters=[@__user_Id_0='fce61576-f20d-4e16-a581-7238a2610ab3' (Size = 450)], CommandType='"Text"', CommandTimeout='30']
SELECT [a].[Id], [a].[ClaimType], [a].[ClaimValue], [a].[UserId]
FROM [AspNetUserClaims] AS [a]
WHERE [a].[UserId] = @__user_Id_0
2024-07-16 00:20:31.853 -06:00 [INF] HTTP POST /api/identity/login responded 200 in 221.9809 ms
2024-07-16 00:21:33.084 -06:00 [WRN] Sensitive data logging is enabled. Log entries and exception messages may include sensitive application data; this mode should only be enabled during development.
2024-07-16 00:21:33.144 -06:00 [WRN] The entity type 'Address' is an optional dependent using table sharing without any required non shared property that could be used to identify whether the entity exists. If all nullable properties contain a null value in database then an object instance won't be created in the query. Add a required property to create instances with null values for other properties or mark the incoming navigation as required to always create an instance.
2024-07-16 00:21:33.152 -06:00 [WRN] No store type was specified for the decimal property 'Price' on entity type 'Dish'. This will cause values to be silently truncated if they do not fit in the default precision and scale. Explicitly specify the SQL server column type that can accommodate all the values in 'OnModelCreating' using 'HasColumnType', specify precision and scale using 'HasPrecision', or configure a value converter using 'HasConversion'.
2024-07-16 00:21:33.493 -06:00 [INF] Executed DbCommand (10ms) [Parameters=[], CommandType='"Text"', CommandTimeout='30']
SELECT CASE
    WHEN EXISTS (
        SELECT 1
        FROM [Restaurants] AS [r]) THEN CAST(1 AS bit)
    ELSE CAST(0 AS bit)
END
2024-07-16 00:21:33.508 -06:00 [INF] Executed DbCommand (1ms) [Parameters=[], CommandType='"Text"', CommandTimeout='30']
SELECT CASE
    WHEN EXISTS (
        SELECT 1
        FROM [AspNetRoles] AS [a]) THEN CAST(1 AS bit)
    ELSE CAST(0 AS bit)
END
2024-07-16 00:21:37.677 -06:00 [INF] Executed DbCommand (18ms) [Parameters=[@__normalizedUserName_0='OWNER@GMAIL.COM' (Size = 256)], CommandType='"Text"', CommandTimeout='30']
SELECT TOP(1) [a].[Id], [a].[AccessFailedCount], [a].[ConcurrencyStamp], [a].[DateOfBirth], [a].[Email], [a].[EmailConfirmed], [a].[LockoutEnabled], [a].[LockoutEnd], [a].[Nationality], [a].[NormalizedEmail], [a].[NormalizedUserName], [a].[PasswordHash], [a].[PhoneNumber], [a].[PhoneNumberConfirmed], [a].[SecurityStamp], [a].[TwoFactorEnabled], [a].[UserName]
FROM [AspNetUsers] AS [a]
WHERE [a].[NormalizedUserName] = @__normalizedUserName_0
2024-07-16 00:21:37.810 -06:00 [INF] Executed DbCommand (4ms) [Parameters=[@__user_Id_0='fce61576-f20d-4e16-a581-7238a2610ab3' (Size = 450)], CommandType='"Text"', CommandTimeout='30']
SELECT [a].[Id], [a].[ClaimType], [a].[ClaimValue], [a].[UserId]
FROM [AspNetUserClaims] AS [a]
WHERE [a].[UserId] = @__user_Id_0
2024-07-16 00:21:37.832 -06:00 [INF] Executed DbCommand (5ms) [Parameters=[@__userId_0='fce61576-f20d-4e16-a581-7238a2610ab3' (Size = 450)], CommandType='"Text"', CommandTimeout='30']
SELECT [a0].[Name]
FROM [AspNetUserRoles] AS [a]
INNER JOIN [AspNetRoles] AS [a0] ON [a].[RoleId] = [a0].[Id]
WHERE [a].[UserId] = @__userId_0
2024-07-16 00:21:37.842 -06:00 [INF] Executed DbCommand (3ms) [Parameters=[@__normalizedName_0='OWNER' (Size = 256)], CommandType='"Text"', CommandTimeout='30']
SELECT TOP(1) [a].[Id], [a].[ConcurrencyStamp], [a].[Name], [a].[NormalizedName]
FROM [AspNetRoles] AS [a]
WHERE [a].[NormalizedName] = @__normalizedName_0
2024-07-16 00:21:37.856 -06:00 [INF] HTTP POST /api/identity/login responded 200 in 266.1118 ms
2024-07-16 00:21:54.826 -06:00 [INF] Creating restaurant with name {"Name":"Viva Mexico","Description":"Delisious breakfast for everyonoe","Category":"Mexican","HasDelivery":true,"ContactEmail":"contact@samplerestaurant.com","ContactNumber":"123-456-7890","City":"Sample City","Street":"123 Sample Street","PostalCode":"12345","$type":"CreateRestaurantCommand"}
2024-07-16 00:21:54.949 -06:00 [INF] Executed DbCommand (2ms) [Parameters=[@p0='ef1af31f-1bd4-411f-fcc6-08dca55f96b5', @p1='Mexican' (Nullable = false) (Size = 4000), @p2='contact@samplerestaurant.com' (Size = 4000), @p3='123-456-7890' (Size = 4000), @p4='Delisious breakfast for everyonoe' (Nullable = false) (Size = 4000), @p5='True', @p6='Viva Mexico' (Nullable = false) (Size = 4000), @p7='Sample City' (Size = 4000), @p8='12345' (Size = 4000), @p9='123 Sample Street' (Size = 4000)], CommandType='"Text"', CommandTimeout='30']
SET IMPLICIT_TRANSACTIONS OFF;
SET NOCOUNT ON;
INSERT INTO [Restaurants] ([Id], [Category], [ContactEmail], [ContactNumber], [Description], [HasDelivery], [Name], [Address_City], [Address_PostalCode], [Address_Street])
VALUES (@p0, @p1, @p2, @p3, @p4, @p5, @p6, @p7, @p8, @p9);
2024-07-16 00:21:54.962 -06:00 [INF] HTTP POST /api/restaurants/create responded 200 in 230.9791 ms
2024-07-16 08:22:03.401 -06:00 [WRN] Sensitive data logging is enabled. Log entries and exception messages may include sensitive application data; this mode should only be enabled during development.
2024-07-16 08:22:03.456 -06:00 [WRN] The entity type 'Address' is an optional dependent using table sharing without any required non shared property that could be used to identify whether the entity exists. If all nullable properties contain a null value in database then an object instance won't be created in the query. Add a required property to create instances with null values for other properties or mark the incoming navigation as required to always create an instance.
2024-07-16 08:22:03.462 -06:00 [WRN] No store type was specified for the decimal property 'Price' on entity type 'Dish'. This will cause values to be silently truncated if they do not fit in the default precision and scale. Explicitly specify the SQL server column type that can accommodate all the values in 'OnModelCreating' using 'HasColumnType', specify precision and scale using 'HasPrecision', or configure a value converter using 'HasConversion'.
2024-07-16 08:22:05.066 -06:00 [INF] Executed DbCommand (11ms) [Parameters=[], CommandType='"Text"', CommandTimeout='30']
SELECT CASE
    WHEN EXISTS (
        SELECT 1
        FROM [Restaurants] AS [r]) THEN CAST(1 AS bit)
    ELSE CAST(0 AS bit)
END
2024-07-16 08:22:05.083 -06:00 [INF] Executed DbCommand (2ms) [Parameters=[], CommandType='"Text"', CommandTimeout='30']
SELECT CASE
    WHEN EXISTS (
        SELECT 1
        FROM [AspNetRoles] AS [a]) THEN CAST(1 AS bit)
    ELSE CAST(0 AS bit)
END
2024-07-16 08:24:36.590 -06:00 [INF] Executed DbCommand (52ms) [Parameters=[@__normalizedUserName_0='ADMIN@GMAIL.COM' (Size = 256)], CommandType='"Text"', CommandTimeout='30']
SELECT TOP(1) [a].[Id], [a].[AccessFailedCount], [a].[ConcurrencyStamp], [a].[DateOfBirth], [a].[Email], [a].[EmailConfirmed], [a].[LockoutEnabled], [a].[LockoutEnd], [a].[Nationality], [a].[NormalizedEmail], [a].[NormalizedUserName], [a].[PasswordHash], [a].[PhoneNumber], [a].[PhoneNumberConfirmed], [a].[SecurityStamp], [a].[TwoFactorEnabled], [a].[UserName]
FROM [AspNetUsers] AS [a]
WHERE [a].[NormalizedUserName] = @__normalizedUserName_0
2024-07-16 08:24:36.762 -06:00 [INF] Executed DbCommand (2ms) [Parameters=[@__user_Id_0='509c45dd-6949-4778-8452-b31c5b9027b8' (Size = 450)], CommandType='"Text"', CommandTimeout='30']
SELECT [a].[Id], [a].[ClaimType], [a].[ClaimValue], [a].[UserId]
FROM [AspNetUserClaims] AS [a]
WHERE [a].[UserId] = @__user_Id_0
2024-07-16 08:24:36.780 -06:00 [INF] Executed DbCommand (2ms) [Parameters=[@__userId_0='509c45dd-6949-4778-8452-b31c5b9027b8' (Size = 450)], CommandType='"Text"', CommandTimeout='30']
SELECT [a0].[Name]
FROM [AspNetUserRoles] AS [a]
INNER JOIN [AspNetRoles] AS [a0] ON [a].[RoleId] = [a0].[Id]
WHERE [a].[UserId] = @__userId_0
2024-07-16 08:24:36.786 -06:00 [INF] Executed DbCommand (1ms) [Parameters=[@__normalizedName_0='ADMIN' (Size = 256)], CommandType='"Text"', CommandTimeout='30']
SELECT TOP(1) [a].[Id], [a].[ConcurrencyStamp], [a].[Name], [a].[NormalizedName]
FROM [AspNetRoles] AS [a]
WHERE [a].[NormalizedName] = @__normalizedName_0
2024-07-16 08:24:36.798 -06:00 [INF] HTTP POST /api/identity/login responded 200 in 359.1005 ms
2024-07-16 08:26:21.081 -06:00 [INF] HTTP POST /api/identity/userRole responded 401 in 3.6768 ms
2024-07-16 08:26:49.545 -06:00 [INF] HTTP POST /api/identity/userRole responded 400 in 34.4499 ms
2024-07-16 08:27:34.619 -06:00 [INF] Assigning user role: {"UserEmail":"temo@gmail.com","RoleName":"Owner","$type":"AssignUserRoleCommand"}
2024-07-16 08:27:34.656 -06:00 [INF] Executed DbCommand (3ms) [Parameters=[@__normalizedEmail_0='TEMO@GMAIL.COM' (Size = 256)], CommandType='"Text"', CommandTimeout='30']
SELECT TOP(2) [a].[Id], [a].[AccessFailedCount], [a].[ConcurrencyStamp], [a].[DateOfBirth], [a].[Email], [a].[EmailConfirmed], [a].[LockoutEnabled], [a].[LockoutEnd], [a].[Nationality], [a].[NormalizedEmail], [a].[NormalizedUserName], [a].[PasswordHash], [a].[PhoneNumber], [a].[PhoneNumberConfirmed], [a].[SecurityStamp], [a].[TwoFactorEnabled], [a].[UserName]
FROM [AspNetUsers] AS [a]
WHERE [a].[NormalizedEmail] = @__normalizedEmail_0
2024-07-16 08:27:34.664 -06:00 [INF] Executed DbCommand (0ms) [Parameters=[@__normalizedName_0='OWNER' (Size = 256)], CommandType='"Text"', CommandTimeout='30']
SELECT TOP(1) [a].[Id], [a].[ConcurrencyStamp], [a].[Name], [a].[NormalizedName]
FROM [AspNetRoles] AS [a]
WHERE [a].[NormalizedName] = @__normalizedName_0
2024-07-16 08:27:34.708 -06:00 [ERR] HTTP POST /api/identity/userRole responded 500 in 136.5809 ms
Restaurants.Domain.Exceptions.NotFoundException: IdentityRole with id: Owner does not exist
   at Restaurants.Application.Areas.Users.Commands.AssignUserRole.AssignUserRoleCommandHandler.Handle(AssignUserRoleCommand request, CancellationToken cancellationToken) in D:\Courses\Asp8Api\Restaurants.Application\Areas\Users\Commands\AssignUserRole\AssignUserRoleCommandHandler.cs:line 27
   at MediatR.Wrappers.RequestHandlerWrapperImpl`1.<>c__DisplayClass1_0.<<Handle>g__Handler|0>d.MoveNext()
--- End of stack trace from previous location ---
   at Restaurants.API.Controllers.IdentityController.AssignUserRole(AssignUserRoleCommand command) in D:\Courses\Asp8Api\Restaurants.API\Controllers\IdentityController.cs:line 29
   at Microsoft.AspNetCore.Mvc.Infrastructure.ActionMethodExecutor.TaskOfIActionResultExecutor.Execute(ActionContext actionContext, IActionResultTypeMapper mapper, ObjectMethodExecutor executor, Object controller, Object[] arguments)
   at Microsoft.AspNetCore.Mvc.Infrastructure.ControllerActionInvoker.<InvokeActionMethodAsync>g__Awaited|12_0(ControllerActionInvoker invoker, ValueTask`1 actionResultValueTask)
   at Microsoft.AspNetCore.Mvc.Infrastructure.ControllerActionInvoker.<InvokeNextActionFilterAsync>g__Awaited|10_0(ControllerActionInvoker invoker, Task lastTask, State next, Scope scope, Object state, Boolean isCompleted)
   at Microsoft.AspNetCore.Mvc.Infrastructure.ControllerActionInvoker.Rethrow(ActionExecutedContextSealed context)
   at Microsoft.AspNetCore.Mvc.Infrastructure.ControllerActionInvoker.Next(State& next, Scope& scope, Object& state, Boolean& isCompleted)
   at Microsoft.AspNetCore.Mvc.Infrastructure.ControllerActionInvoker.<InvokeInnerFilterAsync>g__Awaited|13_0(ControllerActionInvoker invoker, Task lastTask, State next, Scope scope, Object state, Boolean isCompleted)
   at Microsoft.AspNetCore.Mvc.Infrastructure.ResourceInvoker.<InvokeFilterPipelineAsync>g__Awaited|20_0(ResourceInvoker invoker, Task lastTask, State next, Scope scope, Object state, Boolean isCompleted)
   at Microsoft.AspNetCore.Mvc.Infrastructure.ResourceInvoker.<InvokeAsync>g__Awaited|17_0(ResourceInvoker invoker, Task task, IDisposable scope)
   at Microsoft.AspNetCore.Mvc.Infrastructure.ResourceInvoker.<InvokeAsync>g__Awaited|17_0(ResourceInvoker invoker, Task task, IDisposable scope)
   at Microsoft.AspNetCore.Authorization.AuthorizationMiddleware.Invoke(HttpContext context)
   at Serilog.AspNetCore.RequestLoggingMiddleware.Invoke(HttpContext httpContext)
2024-07-16 08:27:34.754 -06:00 [ERR] IdentityRole with id: Owner does not exist
Restaurants.Domain.Exceptions.NotFoundException: IdentityRole with id: Owner does not exist
   at Restaurants.Application.Areas.Users.Commands.AssignUserRole.AssignUserRoleCommandHandler.Handle(AssignUserRoleCommand request, CancellationToken cancellationToken) in D:\Courses\Asp8Api\Restaurants.Application\Areas\Users\Commands\AssignUserRole\AssignUserRoleCommandHandler.cs:line 27
   at MediatR.Wrappers.RequestHandlerWrapperImpl`1.<>c__DisplayClass1_0.<<Handle>g__Handler|0>d.MoveNext()
--- End of stack trace from previous location ---
   at Restaurants.API.Controllers.IdentityController.AssignUserRole(AssignUserRoleCommand command) in D:\Courses\Asp8Api\Restaurants.API\Controllers\IdentityController.cs:line 29
   at Microsoft.AspNetCore.Mvc.Infrastructure.ActionMethodExecutor.TaskOfIActionResultExecutor.Execute(ActionContext actionContext, IActionResultTypeMapper mapper, ObjectMethodExecutor executor, Object controller, Object[] arguments)
   at Microsoft.AspNetCore.Mvc.Infrastructure.ControllerActionInvoker.<InvokeActionMethodAsync>g__Awaited|12_0(ControllerActionInvoker invoker, ValueTask`1 actionResultValueTask)
   at Microsoft.AspNetCore.Mvc.Infrastructure.ControllerActionInvoker.<InvokeNextActionFilterAsync>g__Awaited|10_0(ControllerActionInvoker invoker, Task lastTask, State next, Scope scope, Object state, Boolean isCompleted)
   at Microsoft.AspNetCore.Mvc.Infrastructure.ControllerActionInvoker.Rethrow(ActionExecutedContextSealed context)
   at Microsoft.AspNetCore.Mvc.Infrastructure.ControllerActionInvoker.Next(State& next, Scope& scope, Object& state, Boolean& isCompleted)
   at Microsoft.AspNetCore.Mvc.Infrastructure.ControllerActionInvoker.<InvokeInnerFilterAsync>g__Awaited|13_0(ControllerActionInvoker invoker, Task lastTask, State next, Scope scope, Object state, Boolean isCompleted)
   at Microsoft.AspNetCore.Mvc.Infrastructure.ResourceInvoker.<InvokeFilterPipelineAsync>g__Awaited|20_0(ResourceInvoker invoker, Task lastTask, State next, Scope scope, Object state, Boolean isCompleted)
   at Microsoft.AspNetCore.Mvc.Infrastructure.ResourceInvoker.<InvokeAsync>g__Awaited|17_0(ResourceInvoker invoker, Task task, IDisposable scope)
   at Microsoft.AspNetCore.Mvc.Infrastructure.ResourceInvoker.<InvokeAsync>g__Awaited|17_0(ResourceInvoker invoker, Task task, IDisposable scope)
   at Microsoft.AspNetCore.Authorization.AuthorizationMiddleware.Invoke(HttpContext context)
   at Serilog.AspNetCore.RequestLoggingMiddleware.Invoke(HttpContext httpContext)
   at Restaurants.API.Middlewares.ErrorHandlingMiddleware.InvokeAsync(HttpContext context, RequestDelegate next) in D:\Courses\Asp8Api\Restaurants.API\Middlewares\ErrorHandlingMiddleware.cs:line 12
2024-07-16 08:27:51.558 -06:00 [INF] Assigning user role: {"UserEmail":"temo@gmail.com","RoleName":"owner","$type":"AssignUserRoleCommand"}
2024-07-16 08:27:51.561 -06:00 [INF] Executed DbCommand (1ms) [Parameters=[@__normalizedEmail_0='TEMO@GMAIL.COM' (Size = 256)], CommandType='"Text"', CommandTimeout='30']
SELECT TOP(2) [a].[Id], [a].[AccessFailedCount], [a].[ConcurrencyStamp], [a].[DateOfBirth], [a].[Email], [a].[EmailConfirmed], [a].[LockoutEnabled], [a].[LockoutEnd], [a].[Nationality], [a].[NormalizedEmail], [a].[NormalizedUserName], [a].[PasswordHash], [a].[PhoneNumber], [a].[PhoneNumberConfirmed], [a].[SecurityStamp], [a].[TwoFactorEnabled], [a].[UserName]
FROM [AspNetUsers] AS [a]
WHERE [a].[NormalizedEmail] = @__normalizedEmail_0
2024-07-16 08:27:51.563 -06:00 [INF] Executed DbCommand (0ms) [Parameters=[@__normalizedName_0='OWNER' (Size = 256)], CommandType='"Text"', CommandTimeout='30']
SELECT TOP(1) [a].[Id], [a].[ConcurrencyStamp], [a].[Name], [a].[NormalizedName]
FROM [AspNetRoles] AS [a]
WHERE [a].[NormalizedName] = @__normalizedName_0
2024-07-16 08:27:51.619 -06:00 [ERR] HTTP POST /api/identity/userRole responded 500 in 63.1554 ms
Restaurants.Domain.Exceptions.NotFoundException: IdentityRole with id: owner does not exist
   at Restaurants.Application.Areas.Users.Commands.AssignUserRole.AssignUserRoleCommandHandler.Handle(AssignUserRoleCommand request, CancellationToken cancellationToken) in D:\Courses\Asp8Api\Restaurants.Application\Areas\Users\Commands\AssignUserRole\AssignUserRoleCommandHandler.cs:line 27
   at MediatR.Wrappers.RequestHandlerWrapperImpl`1.<>c__DisplayClass1_0.<<Handle>g__Handler|0>d.MoveNext()
--- End of stack trace from previous location ---
   at Restaurants.API.Controllers.IdentityController.AssignUserRole(AssignUserRoleCommand command) in D:\Courses\Asp8Api\Restaurants.API\Controllers\IdentityController.cs:line 29
   at Microsoft.AspNetCore.Mvc.Infrastructure.ActionMethodExecutor.TaskOfIActionResultExecutor.Execute(ActionContext actionContext, IActionResultTypeMapper mapper, ObjectMethodExecutor executor, Object controller, Object[] arguments)
   at Microsoft.AspNetCore.Mvc.Infrastructure.ControllerActionInvoker.<InvokeActionMethodAsync>g__Awaited|12_0(ControllerActionInvoker invoker, ValueTask`1 actionResultValueTask)
   at Microsoft.AspNetCore.Mvc.Infrastructure.ControllerActionInvoker.<InvokeNextActionFilterAsync>g__Awaited|10_0(ControllerActionInvoker invoker, Task lastTask, State next, Scope scope, Object state, Boolean isCompleted)
   at Microsoft.AspNetCore.Mvc.Infrastructure.ControllerActionInvoker.Rethrow(ActionExecutedContextSealed context)
   at Microsoft.AspNetCore.Mvc.Infrastructure.ControllerActionInvoker.Next(State& next, Scope& scope, Object& state, Boolean& isCompleted)
   at Microsoft.AspNetCore.Mvc.Infrastructure.ControllerActionInvoker.<InvokeInnerFilterAsync>g__Awaited|13_0(ControllerActionInvoker invoker, Task lastTask, State next, Scope scope, Object state, Boolean isCompleted)
   at Microsoft.AspNetCore.Mvc.Infrastructure.ResourceInvoker.<InvokeFilterPipelineAsync>g__Awaited|20_0(ResourceInvoker invoker, Task lastTask, State next, Scope scope, Object state, Boolean isCompleted)
   at Microsoft.AspNetCore.Mvc.Infrastructure.ResourceInvoker.<InvokeAsync>g__Awaited|17_0(ResourceInvoker invoker, Task task, IDisposable scope)
   at Microsoft.AspNetCore.Mvc.Infrastructure.ResourceInvoker.<InvokeAsync>g__Awaited|17_0(ResourceInvoker invoker, Task task, IDisposable scope)
   at Microsoft.AspNetCore.Authorization.AuthorizationMiddleware.Invoke(HttpContext context)
   at Serilog.AspNetCore.RequestLoggingMiddleware.Invoke(HttpContext httpContext)
2024-07-16 08:27:51.643 -06:00 [ERR] IdentityRole with id: owner does not exist
Restaurants.Domain.Exceptions.NotFoundException: IdentityRole with id: owner does not exist
   at Restaurants.Application.Areas.Users.Commands.AssignUserRole.AssignUserRoleCommandHandler.Handle(AssignUserRoleCommand request, CancellationToken cancellationToken) in D:\Courses\Asp8Api\Restaurants.Application\Areas\Users\Commands\AssignUserRole\AssignUserRoleCommandHandler.cs:line 27
   at MediatR.Wrappers.RequestHandlerWrapperImpl`1.<>c__DisplayClass1_0.<<Handle>g__Handler|0>d.MoveNext()
--- End of stack trace from previous location ---
   at Restaurants.API.Controllers.IdentityController.AssignUserRole(AssignUserRoleCommand command) in D:\Courses\Asp8Api\Restaurants.API\Controllers\IdentityController.cs:line 29
   at Microsoft.AspNetCore.Mvc.Infrastructure.ActionMethodExecutor.TaskOfIActionResultExecutor.Execute(ActionContext actionContext, IActionResultTypeMapper mapper, ObjectMethodExecutor executor, Object controller, Object[] arguments)
   at Microsoft.AspNetCore.Mvc.Infrastructure.ControllerActionInvoker.<InvokeActionMethodAsync>g__Awaited|12_0(ControllerActionInvoker invoker, ValueTask`1 actionResultValueTask)
   at Microsoft.AspNetCore.Mvc.Infrastructure.ControllerActionInvoker.<InvokeNextActionFilterAsync>g__Awaited|10_0(ControllerActionInvoker invoker, Task lastTask, State next, Scope scope, Object state, Boolean isCompleted)
   at Microsoft.AspNetCore.Mvc.Infrastructure.ControllerActionInvoker.Rethrow(ActionExecutedContextSealed context)
   at Microsoft.AspNetCore.Mvc.Infrastructure.ControllerActionInvoker.Next(State& next, Scope& scope, Object& state, Boolean& isCompleted)
   at Microsoft.AspNetCore.Mvc.Infrastructure.ControllerActionInvoker.<InvokeInnerFilterAsync>g__Awaited|13_0(ControllerActionInvoker invoker, Task lastTask, State next, Scope scope, Object state, Boolean isCompleted)
   at Microsoft.AspNetCore.Mvc.Infrastructure.ResourceInvoker.<InvokeFilterPipelineAsync>g__Awaited|20_0(ResourceInvoker invoker, Task lastTask, State next, Scope scope, Object state, Boolean isCompleted)
   at Microsoft.AspNetCore.Mvc.Infrastructure.ResourceInvoker.<InvokeAsync>g__Awaited|17_0(ResourceInvoker invoker, Task task, IDisposable scope)
   at Microsoft.AspNetCore.Mvc.Infrastructure.ResourceInvoker.<InvokeAsync>g__Awaited|17_0(ResourceInvoker invoker, Task task, IDisposable scope)
   at Microsoft.AspNetCore.Authorization.AuthorizationMiddleware.Invoke(HttpContext context)
   at Serilog.AspNetCore.RequestLoggingMiddleware.Invoke(HttpContext httpContext)
   at Restaurants.API.Middlewares.ErrorHandlingMiddleware.InvokeAsync(HttpContext context, RequestDelegate next) in D:\Courses\Asp8Api\Restaurants.API\Middlewares\ErrorHandlingMiddleware.cs:line 12
