2024-07-17 13:38:53.310 -06:00 [WRN] Sensitive data logging is enabled. Log entries and exception messages may include sensitive application data; this mode should only be enabled during development.
2024-07-17 13:38:53.380 -06:00 [WRN] The entity type 'Address' is an optional dependent using table sharing without any required non shared property that could be used to identify whether the entity exists. If all nullable properties contain a null value in database then an object instance won't be created in the query. Add a required property to create instances with null values for other properties or mark the incoming navigation as required to always create an instance.
2024-07-17 13:38:53.389 -06:00 [WRN] No store type was specified for the decimal property 'Price' on entity type 'Dish'. This will cause values to be silently truncated if they do not fit in the default precision and scale. Explicitly specify the SQL server column type that can accommodate all the values in 'OnModelCreating' using 'HasColumnType', specify precision and scale using 'HasPrecision', or configure a value converter using 'HasConversion'.
2024-07-17 13:38:55.168 -06:00 [INF] Executed DbCommand (12ms) [Parameters=[], CommandType='"Text"', CommandTimeout='30']
SELECT CASE
    WHEN EXISTS (
        SELECT 1
        FROM [Restaurants] AS [r]) THEN CAST(1 AS bit)
    ELSE CAST(0 AS bit)
END
2024-07-17 13:38:55.186 -06:00 [INF] Executed DbCommand (2ms) [Parameters=[], CommandType='"Text"', CommandTimeout='30']
SELECT CASE
    WHEN EXISTS (
        SELECT 1
        FROM [AspNetRoles] AS [a]) THEN CAST(1 AS bit)
    ELSE CAST(0 AS bit)
END
2024-07-17 13:40:57.693 -06:00 [INF] Fetching all restaurants
2024-07-17 13:41:35.147 -06:00 [ERR] HTTP GET /api/restaurants responded 500 in 37585.3428 ms
System.NullReferenceException: Object reference not set to an instance of an object.
   at Restaurants.Infrastructure.Repositories.RestaurantsRepository.GetAllMatchingAsync(String searchPhrase) in D:\Courses\Asp8Api\Restaurants.Infrastructure\Repositories\RestaurantsRepository.cs:line 26
   at Restaurants.Application.Areas.Restaurants.Queries.GetAllRestaurants.GetAllRestaurantsQueryHandler.Handle(GetAllRestaurantsQuery request, CancellationToken cancellationToken) in D:\Courses\Asp8Api\Restaurants.Application\Areas\Restaurants\Queries\GetAllRestaurants\GetAllRestaurantsQueryHandler.cs:line 31
   at Restaurants.API.Controllers.RestaurantController.GetAll(GetAllRestaurantsQuery query) in D:\Courses\Asp8Api\Restaurants.API\Controllers\RestaurantController.cs:line 31
   at lambda_method18(Closure, Object)
   at Microsoft.AspNetCore.Mvc.Infrastructure.ActionMethodExecutor.AwaitableObjectResultExecutor.Execute(ActionContext actionContext, IActionResultTypeMapper mapper, ObjectMethodExecutor executor, Object controller, Object[] arguments)
   at Microsoft.AspNetCore.Mvc.Infrastructure.ControllerActionInvoker.<InvokeActionMethodAsync>g__Awaited|12_0(ControllerActionInvoker invoker, ValueTask`1 actionResultValueTask)
   at Microsoft.AspNetCore.Mvc.Infrastructure.ControllerActionInvoker.<InvokeNextActionFilterAsync>g__Awaited|10_0(ControllerActionInvoker invoker, Task lastTask, State next, Scope scope, Object state, Boolean isCompleted)
   at Microsoft.AspNetCore.Mvc.Infrastructure.ControllerActionInvoker.Rethrow(ActionExecutedContextSealed context)
   at Microsoft.AspNetCore.Mvc.Infrastructure.ControllerActionInvoker.Next(State& next, Scope& scope, Object& state, Boolean& isCompleted)
   at Microsoft.AspNetCore.Mvc.Infrastructure.ControllerActionInvoker.InvokeInnerFilterAsync()
--- End of stack trace from previous location ---
   at Microsoft.AspNetCore.Mvc.Infrastructure.ResourceInvoker.<InvokeFilterPipelineAsync>g__Awaited|20_0(ResourceInvoker invoker, Task lastTask, State next, Scope scope, Object state, Boolean isCompleted)
   at Microsoft.AspNetCore.Mvc.Infrastructure.ResourceInvoker.<InvokeAsync>g__Awaited|17_0(ResourceInvoker invoker, Task task, IDisposable scope)
   at Microsoft.AspNetCore.Mvc.Infrastructure.ResourceInvoker.<InvokeAsync>g__Awaited|17_0(ResourceInvoker invoker, Task task, IDisposable scope)
   at Microsoft.AspNetCore.Authorization.AuthorizationMiddleware.Invoke(HttpContext context)
   at Serilog.AspNetCore.RequestLoggingMiddleware.Invoke(HttpContext httpContext)
2024-07-17 13:41:35.619 -06:00 [ERR] Object reference not set to an instance of an object.
System.NullReferenceException: Object reference not set to an instance of an object.
   at Restaurants.Infrastructure.Repositories.RestaurantsRepository.GetAllMatchingAsync(String searchPhrase) in D:\Courses\Asp8Api\Restaurants.Infrastructure\Repositories\RestaurantsRepository.cs:line 26
   at Restaurants.Application.Areas.Restaurants.Queries.GetAllRestaurants.GetAllRestaurantsQueryHandler.Handle(GetAllRestaurantsQuery request, CancellationToken cancellationToken) in D:\Courses\Asp8Api\Restaurants.Application\Areas\Restaurants\Queries\GetAllRestaurants\GetAllRestaurantsQueryHandler.cs:line 31
   at Restaurants.API.Controllers.RestaurantController.GetAll(GetAllRestaurantsQuery query) in D:\Courses\Asp8Api\Restaurants.API\Controllers\RestaurantController.cs:line 31
   at lambda_method18(Closure, Object)
   at Microsoft.AspNetCore.Mvc.Infrastructure.ActionMethodExecutor.AwaitableObjectResultExecutor.Execute(ActionContext actionContext, IActionResultTypeMapper mapper, ObjectMethodExecutor executor, Object controller, Object[] arguments)
   at Microsoft.AspNetCore.Mvc.Infrastructure.ControllerActionInvoker.<InvokeActionMethodAsync>g__Awaited|12_0(ControllerActionInvoker invoker, ValueTask`1 actionResultValueTask)
   at Microsoft.AspNetCore.Mvc.Infrastructure.ControllerActionInvoker.<InvokeNextActionFilterAsync>g__Awaited|10_0(ControllerActionInvoker invoker, Task lastTask, State next, Scope scope, Object state, Boolean isCompleted)
   at Microsoft.AspNetCore.Mvc.Infrastructure.ControllerActionInvoker.Rethrow(ActionExecutedContextSealed context)
   at Microsoft.AspNetCore.Mvc.Infrastructure.ControllerActionInvoker.Next(State& next, Scope& scope, Object& state, Boolean& isCompleted)
   at Microsoft.AspNetCore.Mvc.Infrastructure.ControllerActionInvoker.InvokeInnerFilterAsync()
--- End of stack trace from previous location ---
   at Microsoft.AspNetCore.Mvc.Infrastructure.ResourceInvoker.<InvokeFilterPipelineAsync>g__Awaited|20_0(ResourceInvoker invoker, Task lastTask, State next, Scope scope, Object state, Boolean isCompleted)
   at Microsoft.AspNetCore.Mvc.Infrastructure.ResourceInvoker.<InvokeAsync>g__Awaited|17_0(ResourceInvoker invoker, Task task, IDisposable scope)
   at Microsoft.AspNetCore.Mvc.Infrastructure.ResourceInvoker.<InvokeAsync>g__Awaited|17_0(ResourceInvoker invoker, Task task, IDisposable scope)
   at Microsoft.AspNetCore.Authorization.AuthorizationMiddleware.Invoke(HttpContext context)
   at Serilog.AspNetCore.RequestLoggingMiddleware.Invoke(HttpContext httpContext)
   at Restaurants.API.Middlewares.ErrorHandlingMiddleware.InvokeAsync(HttpContext context, RequestDelegate next) in D:\Courses\Asp8Api\Restaurants.API\Middlewares\ErrorHandlingMiddleware.cs:line 12
2024-07-17 13:42:00.957 -06:00 [INF] Fetching all restaurants
2024-07-17 13:42:12.495 -06:00 [WRN] Sensitive data logging is enabled. Log entries and exception messages may include sensitive application data; this mode should only be enabled during development.
2024-07-17 13:42:12.550 -06:00 [WRN] The entity type 'Address' is an optional dependent using table sharing without any required non shared property that could be used to identify whether the entity exists. If all nullable properties contain a null value in database then an object instance won't be created in the query. Add a required property to create instances with null values for other properties or mark the incoming navigation as required to always create an instance.
2024-07-17 13:42:12.556 -06:00 [WRN] No store type was specified for the decimal property 'Price' on entity type 'Dish'. This will cause values to be silently truncated if they do not fit in the default precision and scale. Explicitly specify the SQL server column type that can accommodate all the values in 'OnModelCreating' using 'HasColumnType', specify precision and scale using 'HasPrecision', or configure a value converter using 'HasConversion'.
2024-07-17 13:42:12.909 -06:00 [INF] Executed DbCommand (10ms) [Parameters=[], CommandType='"Text"', CommandTimeout='30']
SELECT CASE
    WHEN EXISTS (
        SELECT 1
        FROM [Restaurants] AS [r]) THEN CAST(1 AS bit)
    ELSE CAST(0 AS bit)
END
2024-07-17 13:42:12.924 -06:00 [INF] Executed DbCommand (2ms) [Parameters=[], CommandType='"Text"', CommandTimeout='30']
SELECT CASE
    WHEN EXISTS (
        SELECT 1
        FROM [AspNetRoles] AS [a]) THEN CAST(1 AS bit)
    ELSE CAST(0 AS bit)
END
2024-07-17 13:42:41.982 -06:00 [WRN] Sensitive data logging is enabled. Log entries and exception messages may include sensitive application data; this mode should only be enabled during development.
2024-07-17 13:42:42.039 -06:00 [WRN] The entity type 'Address' is an optional dependent using table sharing without any required non shared property that could be used to identify whether the entity exists. If all nullable properties contain a null value in database then an object instance won't be created in the query. Add a required property to create instances with null values for other properties or mark the incoming navigation as required to always create an instance.
2024-07-17 13:42:42.046 -06:00 [WRN] No store type was specified for the decimal property 'Price' on entity type 'Dish'. This will cause values to be silently truncated if they do not fit in the default precision and scale. Explicitly specify the SQL server column type that can accommodate all the values in 'OnModelCreating' using 'HasColumnType', specify precision and scale using 'HasPrecision', or configure a value converter using 'HasConversion'.
2024-07-17 13:42:42.413 -06:00 [INF] Executed DbCommand (11ms) [Parameters=[], CommandType='"Text"', CommandTimeout='30']
SELECT CASE
    WHEN EXISTS (
        SELECT 1
        FROM [Restaurants] AS [r]) THEN CAST(1 AS bit)
    ELSE CAST(0 AS bit)
END
2024-07-17 13:42:42.428 -06:00 [INF] Executed DbCommand (2ms) [Parameters=[], CommandType='"Text"', CommandTimeout='30']
SELECT CASE
    WHEN EXISTS (
        SELECT 1
        FROM [AspNetRoles] AS [a]) THEN CAST(1 AS bit)
    ELSE CAST(0 AS bit)
END
2024-07-17 13:44:54.072 -06:00 [WRN] Sensitive data logging is enabled. Log entries and exception messages may include sensitive application data; this mode should only be enabled during development.
2024-07-17 13:44:54.125 -06:00 [WRN] The entity type 'Address' is an optional dependent using table sharing without any required non shared property that could be used to identify whether the entity exists. If all nullable properties contain a null value in database then an object instance won't be created in the query. Add a required property to create instances with null values for other properties or mark the incoming navigation as required to always create an instance.
2024-07-17 13:44:54.131 -06:00 [WRN] No store type was specified for the decimal property 'Price' on entity type 'Dish'. This will cause values to be silently truncated if they do not fit in the default precision and scale. Explicitly specify the SQL server column type that can accommodate all the values in 'OnModelCreating' using 'HasColumnType', specify precision and scale using 'HasPrecision', or configure a value converter using 'HasConversion'.
2024-07-17 13:44:54.473 -06:00 [INF] Executed DbCommand (10ms) [Parameters=[], CommandType='"Text"', CommandTimeout='30']
SELECT CASE
    WHEN EXISTS (
        SELECT 1
        FROM [Restaurants] AS [r]) THEN CAST(1 AS bit)
    ELSE CAST(0 AS bit)
END
2024-07-17 13:44:54.487 -06:00 [INF] Executed DbCommand (1ms) [Parameters=[], CommandType='"Text"', CommandTimeout='30']
SELECT CASE
    WHEN EXISTS (
        SELECT 1
        FROM [AspNetRoles] AS [a]) THEN CAST(1 AS bit)
    ELSE CAST(0 AS bit)
END
2024-07-17 13:44:57.308 -06:00 [INF] Fetching all restaurants
2024-07-17 13:44:57.437 -06:00 [INF] Executed DbCommand (46ms) [Parameters=[@__searchPhraseLow_0_contains='%' (Size = 4000)], CommandType='"Text"', CommandTimeout='30']
SELECT [r].[Id], [r].[Category], [r].[ContactEmail], [r].[ContactNumber], [r].[Description], [r].[HasDelivery], [r].[Name], [r].[OwnerId], [r].[Address_City], [r].[Address_PostalCode], [r].[Address_Street]
FROM [Restaurants] AS [r]
WHERE LOWER([r].[Name]) LIKE @__searchPhraseLow_0_contains ESCAPE N'\' OR LOWER([r].[Description]) LIKE @__searchPhraseLow_0_contains ESCAPE N'\'
2024-07-17 13:44:57.517 -06:00 [INF] HTTP GET /api/restaurants responded 200 in 281.2811 ms
2024-07-17 13:45:47.390 -06:00 [INF] Fetching all restaurants
2024-07-17 13:48:32.010 -06:00 [INF] Executed DbCommand (3ms) [Parameters=[@__searchPhraseLow_0_contains='%' (Size = 4000)], CommandType='"Text"', CommandTimeout='30']
SELECT [r].[Id], [r].[Category], [r].[ContactEmail], [r].[ContactNumber], [r].[Description], [r].[HasDelivery], [r].[Name], [r].[OwnerId], [r].[Address_City], [r].[Address_PostalCode], [r].[Address_Street]
FROM [Restaurants] AS [r]
WHERE LOWER([r].[Name]) LIKE @__searchPhraseLow_0_contains ESCAPE N'\' OR LOWER([r].[Description]) LIKE @__searchPhraseLow_0_contains ESCAPE N'\'
2024-07-17 13:48:32.014 -06:00 [INF] HTTP GET /api/restaurants responded 200 in 164627.0093 ms
2024-07-17 13:48:56.761 -06:00 [WRN] Sensitive data logging is enabled. Log entries and exception messages may include sensitive application data; this mode should only be enabled during development.
2024-07-17 13:48:56.815 -06:00 [WRN] The entity type 'Address' is an optional dependent using table sharing without any required non shared property that could be used to identify whether the entity exists. If all nullable properties contain a null value in database then an object instance won't be created in the query. Add a required property to create instances with null values for other properties or mark the incoming navigation as required to always create an instance.
2024-07-17 13:48:56.821 -06:00 [WRN] No store type was specified for the decimal property 'Price' on entity type 'Dish'. This will cause values to be silently truncated if they do not fit in the default precision and scale. Explicitly specify the SQL server column type that can accommodate all the values in 'OnModelCreating' using 'HasColumnType', specify precision and scale using 'HasPrecision', or configure a value converter using 'HasConversion'.
2024-07-17 13:48:57.173 -06:00 [INF] Executed DbCommand (11ms) [Parameters=[], CommandType='"Text"', CommandTimeout='30']
SELECT CASE
    WHEN EXISTS (
        SELECT 1
        FROM [Restaurants] AS [r]) THEN CAST(1 AS bit)
    ELSE CAST(0 AS bit)
END
2024-07-17 13:48:57.188 -06:00 [INF] Executed DbCommand (2ms) [Parameters=[], CommandType='"Text"', CommandTimeout='30']
SELECT CASE
    WHEN EXISTS (
        SELECT 1
        FROM [AspNetRoles] AS [a]) THEN CAST(1 AS bit)
    ELSE CAST(0 AS bit)
END
2024-07-17 17:32:12.418 -06:00 [WRN] Sensitive data logging is enabled. Log entries and exception messages may include sensitive application data; this mode should only be enabled during development.
2024-07-17 17:32:12.480 -06:00 [WRN] The entity type 'Address' is an optional dependent using table sharing without any required non shared property that could be used to identify whether the entity exists. If all nullable properties contain a null value in database then an object instance won't be created in the query. Add a required property to create instances with null values for other properties or mark the incoming navigation as required to always create an instance.
2024-07-17 17:32:12.487 -06:00 [WRN] No store type was specified for the decimal property 'Price' on entity type 'Dish'. This will cause values to be silently truncated if they do not fit in the default precision and scale. Explicitly specify the SQL server column type that can accommodate all the values in 'OnModelCreating' using 'HasColumnType', specify precision and scale using 'HasPrecision', or configure a value converter using 'HasConversion'.
2024-07-17 17:32:12.864 -06:00 [INF] Executed DbCommand (12ms) [Parameters=[], CommandType='"Text"', CommandTimeout='30']
SELECT CASE
    WHEN EXISTS (
        SELECT 1
        FROM [Restaurants] AS [r]) THEN CAST(1 AS bit)
    ELSE CAST(0 AS bit)
END
2024-07-17 17:32:12.880 -06:00 [INF] Executed DbCommand (2ms) [Parameters=[], CommandType='"Text"', CommandTimeout='30']
SELECT CASE
    WHEN EXISTS (
        SELECT 1
        FROM [AspNetRoles] AS [a]) THEN CAST(1 AS bit)
    ELSE CAST(0 AS bit)
END
2024-07-17 17:32:32.494 -06:00 [INF] Fetching all restaurants
2024-07-17 17:32:42.358 -06:00 [INF] Executed DbCommand (21ms) [Parameters=[@__searchPhraseLow_0_contains='%joia%' (Size = 4000)], CommandType='"Text"', CommandTimeout='30']
SELECT [r].[Id], [r].[Category], [r].[ContactEmail], [r].[ContactNumber], [r].[Description], [r].[HasDelivery], [r].[Name], [r].[OwnerId], [r].[Address_City], [r].[Address_PostalCode], [r].[Address_Street]
FROM [Restaurants] AS [r]
WHERE LOWER([r].[Name]) LIKE @__searchPhraseLow_0_contains ESCAPE N'\' OR LOWER([r].[Description]) LIKE @__searchPhraseLow_0_contains ESCAPE N'\'
2024-07-17 17:32:42.442 -06:00 [INF] HTTP GET /api/restaurants responded 200 in 14720.2805 ms
2024-07-17 18:28:28.063 -06:00 [INF] Fetching all restaurants
2024-07-17 18:28:28.983 -06:00 [INF] Executed DbCommand (6ms) [Parameters=[@__searchPhraseLow_0_contains='%joia%' (Size = 4000)], CommandType='"Text"', CommandTimeout='30']
SELECT [r].[Id], [r].[Category], [r].[ContactEmail], [r].[ContactNumber], [r].[Description], [r].[HasDelivery], [r].[Name], [r].[OwnerId], [r].[Address_City], [r].[Address_PostalCode], [r].[Address_Street]
FROM [Restaurants] AS [r]
WHERE LOWER([r].[Name]) LIKE @__searchPhraseLow_0_contains ESCAPE N'\' OR LOWER([r].[Description]) LIKE @__searchPhraseLow_0_contains ESCAPE N'\'
2024-07-17 18:28:28.986 -06:00 [INF] HTTP GET /api/restaurants responded 200 in 926.6731 ms
2024-07-17 18:28:53.298 -06:00 [INF] Fetching all restaurants
2024-07-17 18:28:53.300 -06:00 [INF] Executed DbCommand (1ms) [Parameters=[@__searchPhraseLow_0_contains='%' (Size = 4000)], CommandType='"Text"', CommandTimeout='30']
SELECT [r].[Id], [r].[Category], [r].[ContactEmail], [r].[ContactNumber], [r].[Description], [r].[HasDelivery], [r].[Name], [r].[OwnerId], [r].[Address_City], [r].[Address_PostalCode], [r].[Address_Street]
FROM [Restaurants] AS [r]
WHERE LOWER([r].[Name]) LIKE @__searchPhraseLow_0_contains ESCAPE N'\' OR LOWER([r].[Description]) LIKE @__searchPhraseLow_0_contains ESCAPE N'\'
2024-07-17 18:28:53.305 -06:00 [INF] HTTP GET /api/restaurants responded 200 in 10.4435 ms
2024-07-17 18:29:09.567 -06:00 [WRN] Sensitive data logging is enabled. Log entries and exception messages may include sensitive application data; this mode should only be enabled during development.
2024-07-17 18:29:09.625 -06:00 [WRN] The entity type 'Address' is an optional dependent using table sharing without any required non shared property that could be used to identify whether the entity exists. If all nullable properties contain a null value in database then an object instance won't be created in the query. Add a required property to create instances with null values for other properties or mark the incoming navigation as required to always create an instance.
2024-07-17 18:29:09.632 -06:00 [WRN] No store type was specified for the decimal property 'Price' on entity type 'Dish'. This will cause values to be silently truncated if they do not fit in the default precision and scale. Explicitly specify the SQL server column type that can accommodate all the values in 'OnModelCreating' using 'HasColumnType', specify precision and scale using 'HasPrecision', or configure a value converter using 'HasConversion'.
2024-07-17 18:29:09.996 -06:00 [INF] Executed DbCommand (12ms) [Parameters=[], CommandType='"Text"', CommandTimeout='30']
SELECT CASE
    WHEN EXISTS (
        SELECT 1
        FROM [Restaurants] AS [r]) THEN CAST(1 AS bit)
    ELSE CAST(0 AS bit)
END
2024-07-17 18:29:10.013 -06:00 [INF] Executed DbCommand (2ms) [Parameters=[], CommandType='"Text"', CommandTimeout='30']
SELECT CASE
    WHEN EXISTS (
        SELECT 1
        FROM [AspNetRoles] AS [a]) THEN CAST(1 AS bit)
    ELSE CAST(0 AS bit)
END
2024-07-17 18:29:11.389 -06:00 [INF] Fetching all restaurants
2024-07-17 18:29:11.427 -06:00 [WRN] The query uses a row limiting operator ('Skip'/'Take') without an 'OrderBy' operator. This may lead to unpredictable results. If the 'Distinct' operator is used after 'OrderBy', then make sure to use the 'OrderBy' operator after 'Distinct' as the ordering would otherwise get erased.
2024-07-17 18:29:11.428 -06:00 [WRN] The query uses a row limiting operator ('Skip'/'Take') without an 'OrderBy' operator. This may lead to unpredictable results. If the 'Distinct' operator is used after 'OrderBy', then make sure to use the 'OrderBy' operator after 'Distinct' as the ordering would otherwise get erased.
2024-07-17 18:29:11.488 -06:00 [INF] Executed DbCommand (20ms) [Parameters=[@__searchPhraseLow_0_contains='%' (Size = 4000), @__p_1='0', @__p_2='3'], CommandType='"Text"', CommandTimeout='30']
SELECT [r].[Id], [r].[Category], [r].[ContactEmail], [r].[ContactNumber], [r].[Description], [r].[HasDelivery], [r].[Name], [r].[OwnerId], [r].[Address_City], [r].[Address_PostalCode], [r].[Address_Street]
FROM [Restaurants] AS [r]
WHERE LOWER([r].[Name]) LIKE @__searchPhraseLow_0_contains ESCAPE N'\' OR LOWER([r].[Description]) LIKE @__searchPhraseLow_0_contains ESCAPE N'\'
ORDER BY (SELECT 1)
OFFSET @__p_1 ROWS FETCH NEXT @__p_2 ROWS ONLY
2024-07-17 18:29:11.568 -06:00 [INF] HTTP GET /api/restaurants responded 200 in 254.5831 ms
2024-07-17 18:29:23.500 -06:00 [INF] Fetching all restaurants
2024-07-17 18:29:23.530 -06:00 [WRN] The query uses a row limiting operator ('Skip'/'Take') without an 'OrderBy' operator. This may lead to unpredictable results. If the 'Distinct' operator is used after 'OrderBy', then make sure to use the 'OrderBy' operator after 'Distinct' as the ordering would otherwise get erased.
2024-07-17 18:29:23.531 -06:00 [WRN] The query uses a row limiting operator ('Skip'/'Take') without an 'OrderBy' operator. This may lead to unpredictable results. If the 'Distinct' operator is used after 'OrderBy', then make sure to use the 'OrderBy' operator after 'Distinct' as the ordering would otherwise get erased.
2024-07-17 18:29:23.538 -06:00 [INF] Executed DbCommand (2ms) [Parameters=[@__searchPhraseLow_0_contains='%' (Size = 4000), @__p_1='10'], CommandType='"Text"', CommandTimeout='30']
SELECT [r].[Id], [r].[Category], [r].[ContactEmail], [r].[ContactNumber], [r].[Description], [r].[HasDelivery], [r].[Name], [r].[OwnerId], [r].[Address_City], [r].[Address_PostalCode], [r].[Address_Street]
FROM [Restaurants] AS [r]
WHERE LOWER([r].[Name]) LIKE @__searchPhraseLow_0_contains ESCAPE N'\' OR LOWER([r].[Description]) LIKE @__searchPhraseLow_0_contains ESCAPE N'\'
ORDER BY (SELECT 1)
OFFSET @__p_1 ROWS FETCH NEXT @__p_1 ROWS ONLY
2024-07-17 18:29:23.540 -06:00 [INF] HTTP GET /api/restaurants responded 200 in 42.3240 ms
2024-07-17 18:29:28.792 -06:00 [INF] Fetching all restaurants
2024-07-17 18:29:28.796 -06:00 [INF] Executed DbCommand (1ms) [Parameters=[@__searchPhraseLow_0_contains='%' (Size = 4000), @__p_1='2'], CommandType='"Text"', CommandTimeout='30']
SELECT [r].[Id], [r].[Category], [r].[ContactEmail], [r].[ContactNumber], [r].[Description], [r].[HasDelivery], [r].[Name], [r].[OwnerId], [r].[Address_City], [r].[Address_PostalCode], [r].[Address_Street]
FROM [Restaurants] AS [r]
WHERE LOWER([r].[Name]) LIKE @__searchPhraseLow_0_contains ESCAPE N'\' OR LOWER([r].[Description]) LIKE @__searchPhraseLow_0_contains ESCAPE N'\'
ORDER BY (SELECT 1)
OFFSET @__p_1 ROWS FETCH NEXT @__p_1 ROWS ONLY
2024-07-17 18:29:28.798 -06:00 [INF] HTTP GET /api/restaurants responded 200 in 8.9250 ms
2024-07-17 18:47:24.540 -06:00 [WRN] Sensitive data logging is enabled. Log entries and exception messages may include sensitive application data; this mode should only be enabled during development.
2024-07-17 18:47:24.595 -06:00 [WRN] The entity type 'Address' is an optional dependent using table sharing without any required non shared property that could be used to identify whether the entity exists. If all nullable properties contain a null value in database then an object instance won't be created in the query. Add a required property to create instances with null values for other properties or mark the incoming navigation as required to always create an instance.
2024-07-17 18:47:24.602 -06:00 [WRN] No store type was specified for the decimal property 'Price' on entity type 'Dish'. This will cause values to be silently truncated if they do not fit in the default precision and scale. Explicitly specify the SQL server column type that can accommodate all the values in 'OnModelCreating' using 'HasColumnType', specify precision and scale using 'HasPrecision', or configure a value converter using 'HasConversion'.
2024-07-17 18:47:25.503 -06:00 [INF] Executed DbCommand (11ms) [Parameters=[], CommandType='"Text"', CommandTimeout='30']
SELECT CASE
    WHEN EXISTS (
        SELECT 1
        FROM [Restaurants] AS [r]) THEN CAST(1 AS bit)
    ELSE CAST(0 AS bit)
END
2024-07-17 18:47:25.520 -06:00 [INF] Executed DbCommand (2ms) [Parameters=[], CommandType='"Text"', CommandTimeout='30']
SELECT CASE
    WHEN EXISTS (
        SELECT 1
        FROM [AspNetRoles] AS [a]) THEN CAST(1 AS bit)
    ELSE CAST(0 AS bit)
END
2024-07-17 18:47:31.423 -06:00 [INF] Fetching all restaurants
2024-07-17 18:47:31.511 -06:00 [INF] Executed DbCommand (20ms) [Parameters=[@__searchPhraseLow_0_contains='%' (Size = 4000)], CommandType='"Text"', CommandTimeout='30']
SELECT COUNT(*)
FROM [Restaurants] AS [r]
WHERE LOWER([r].[Name]) LIKE @__searchPhraseLow_0_contains ESCAPE N'\' OR LOWER([r].[Description]) LIKE @__searchPhraseLow_0_contains ESCAPE N'\'
2024-07-17 18:47:31.526 -06:00 [WRN] The query uses a row limiting operator ('Skip'/'Take') without an 'OrderBy' operator. This may lead to unpredictable results. If the 'Distinct' operator is used after 'OrderBy', then make sure to use the 'OrderBy' operator after 'Distinct' as the ordering would otherwise get erased.
2024-07-17 18:47:31.526 -06:00 [WRN] The query uses a row limiting operator ('Skip'/'Take') without an 'OrderBy' operator. This may lead to unpredictable results. If the 'Distinct' operator is used after 'OrderBy', then make sure to use the 'OrderBy' operator after 'Distinct' as the ordering would otherwise get erased.
2024-07-17 18:47:31.554 -06:00 [INF] Executed DbCommand (2ms) [Parameters=[@__searchPhraseLow_0_contains='%' (Size = 4000), @__p_1='2'], CommandType='"Text"', CommandTimeout='30']
SELECT [r].[Id], [r].[Category], [r].[ContactEmail], [r].[ContactNumber], [r].[Description], [r].[HasDelivery], [r].[Name], [r].[OwnerId], [r].[Address_City], [r].[Address_PostalCode], [r].[Address_Street]
FROM [Restaurants] AS [r]
WHERE LOWER([r].[Name]) LIKE @__searchPhraseLow_0_contains ESCAPE N'\' OR LOWER([r].[Description]) LIKE @__searchPhraseLow_0_contains ESCAPE N'\'
ORDER BY (SELECT 1)
OFFSET @__p_1 ROWS FETCH NEXT @__p_1 ROWS ONLY
2024-07-17 18:47:31.625 -06:00 [INF] HTTP GET /api/restaurants responded 200 in 285.3513 ms
2024-07-17 18:56:30.125 -06:00 [WRN] Sensitive data logging is enabled. Log entries and exception messages may include sensitive application data; this mode should only be enabled during development.
2024-07-17 18:56:30.180 -06:00 [WRN] The entity type 'Address' is an optional dependent using table sharing without any required non shared property that could be used to identify whether the entity exists. If all nullable properties contain a null value in database then an object instance won't be created in the query. Add a required property to create instances with null values for other properties or mark the incoming navigation as required to always create an instance.
2024-07-17 18:56:30.186 -06:00 [WRN] No store type was specified for the decimal property 'Price' on entity type 'Dish'. This will cause values to be silently truncated if they do not fit in the default precision and scale. Explicitly specify the SQL server column type that can accommodate all the values in 'OnModelCreating' using 'HasColumnType', specify precision and scale using 'HasPrecision', or configure a value converter using 'HasConversion'.
2024-07-17 18:56:30.548 -06:00 [INF] Executed DbCommand (11ms) [Parameters=[], CommandType='"Text"', CommandTimeout='30']
SELECT CASE
    WHEN EXISTS (
        SELECT 1
        FROM [Restaurants] AS [r]) THEN CAST(1 AS bit)
    ELSE CAST(0 AS bit)
END
2024-07-17 18:56:30.563 -06:00 [INF] Executed DbCommand (2ms) [Parameters=[], CommandType='"Text"', CommandTimeout='30']
SELECT CASE
    WHEN EXISTS (
        SELECT 1
        FROM [AspNetRoles] AS [a]) THEN CAST(1 AS bit)
    ELSE CAST(0 AS bit)
END
2024-07-17 18:56:37.045 -06:00 [INF] Fetching all restaurants
2024-07-17 18:56:37.129 -06:00 [INF] Executed DbCommand (20ms) [Parameters=[@__searchPhraseLow_0_contains='%' (Size = 4000)], CommandType='"Text"', CommandTimeout='30']
SELECT COUNT(*)
FROM [Restaurants] AS [r]
WHERE LOWER([r].[Name]) LIKE @__searchPhraseLow_0_contains ESCAPE N'\' OR LOWER([r].[Description]) LIKE @__searchPhraseLow_0_contains ESCAPE N'\'
2024-07-17 18:56:37.143 -06:00 [WRN] The query uses a row limiting operator ('Skip'/'Take') without an 'OrderBy' operator. This may lead to unpredictable results. If the 'Distinct' operator is used after 'OrderBy', then make sure to use the 'OrderBy' operator after 'Distinct' as the ordering would otherwise get erased.
2024-07-17 18:56:37.143 -06:00 [WRN] The query uses a row limiting operator ('Skip'/'Take') without an 'OrderBy' operator. This may lead to unpredictable results. If the 'Distinct' operator is used after 'OrderBy', then make sure to use the 'OrderBy' operator after 'Distinct' as the ordering would otherwise get erased.
2024-07-17 18:56:37.171 -06:00 [INF] Executed DbCommand (2ms) [Parameters=[@__searchPhraseLow_0_contains='%' (Size = 4000), @__p_1='38', @__p_2='2'], CommandType='"Text"', CommandTimeout='30']
SELECT [r].[Id], [r].[Category], [r].[ContactEmail], [r].[ContactNumber], [r].[Description], [r].[HasDelivery], [r].[Name], [r].[OwnerId], [r].[Address_City], [r].[Address_PostalCode], [r].[Address_Street]
FROM [Restaurants] AS [r]
WHERE LOWER([r].[Name]) LIKE @__searchPhraseLow_0_contains ESCAPE N'\' OR LOWER([r].[Description]) LIKE @__searchPhraseLow_0_contains ESCAPE N'\'
ORDER BY (SELECT 1)
OFFSET @__p_1 ROWS FETCH NEXT @__p_2 ROWS ONLY
2024-07-17 18:56:37.201 -06:00 [INF] HTTP GET /api/restaurants responded 200 in 241.6522 ms
2024-07-17 18:56:59.094 -06:00 [INF] Fetching all restaurants
2024-07-17 18:56:59.126 -06:00 [INF] Executed DbCommand (1ms) [Parameters=[@__searchPhraseLow_0_contains='%' (Size = 4000)], CommandType='"Text"', CommandTimeout='30']
SELECT COUNT(*)
FROM [Restaurants] AS [r]
WHERE LOWER([r].[Name]) LIKE @__searchPhraseLow_0_contains ESCAPE N'\' OR LOWER([r].[Description]) LIKE @__searchPhraseLow_0_contains ESCAPE N'\'
2024-07-17 18:56:59.129 -06:00 [WRN] The query uses a row limiting operator ('Skip'/'Take') without an 'OrderBy' operator. This may lead to unpredictable results. If the 'Distinct' operator is used after 'OrderBy', then make sure to use the 'OrderBy' operator after 'Distinct' as the ordering would otherwise get erased.
2024-07-17 18:56:59.129 -06:00 [WRN] The query uses a row limiting operator ('Skip'/'Take') without an 'OrderBy' operator. This may lead to unpredictable results. If the 'Distinct' operator is used after 'OrderBy', then make sure to use the 'OrderBy' operator after 'Distinct' as the ordering would otherwise get erased.
2024-07-17 18:56:59.135 -06:00 [INF] Executed DbCommand (2ms) [Parameters=[@__searchPhraseLow_0_contains='%' (Size = 4000), @__p_1='2'], CommandType='"Text"', CommandTimeout='30']
SELECT [r].[Id], [r].[Category], [r].[ContactEmail], [r].[ContactNumber], [r].[Description], [r].[HasDelivery], [r].[Name], [r].[OwnerId], [r].[Address_City], [r].[Address_PostalCode], [r].[Address_Street]
FROM [Restaurants] AS [r]
WHERE LOWER([r].[Name]) LIKE @__searchPhraseLow_0_contains ESCAPE N'\' OR LOWER([r].[Description]) LIKE @__searchPhraseLow_0_contains ESCAPE N'\'
ORDER BY (SELECT 1)
OFFSET @__p_1 ROWS FETCH NEXT @__p_1 ROWS ONLY
2024-07-17 18:56:59.178 -06:00 [INF] HTTP GET /api/restaurants responded 200 in 89.0766 ms
2024-07-17 18:57:09.121 -06:00 [INF] Fetching all restaurants
2024-07-17 18:57:09.123 -06:00 [INF] Executed DbCommand (1ms) [Parameters=[@__searchPhraseLow_0_contains='%' (Size = 4000)], CommandType='"Text"', CommandTimeout='30']
SELECT COUNT(*)
FROM [Restaurants] AS [r]
WHERE LOWER([r].[Name]) LIKE @__searchPhraseLow_0_contains ESCAPE N'\' OR LOWER([r].[Description]) LIKE @__searchPhraseLow_0_contains ESCAPE N'\'
2024-07-17 18:57:09.125 -06:00 [INF] Executed DbCommand (0ms) [Parameters=[@__searchPhraseLow_0_contains='%' (Size = 4000), @__p_1='0', @__p_2='2'], CommandType='"Text"', CommandTimeout='30']
SELECT [r].[Id], [r].[Category], [r].[ContactEmail], [r].[ContactNumber], [r].[Description], [r].[HasDelivery], [r].[Name], [r].[OwnerId], [r].[Address_City], [r].[Address_PostalCode], [r].[Address_Street]
FROM [Restaurants] AS [r]
WHERE LOWER([r].[Name]) LIKE @__searchPhraseLow_0_contains ESCAPE N'\' OR LOWER([r].[Description]) LIKE @__searchPhraseLow_0_contains ESCAPE N'\'
ORDER BY (SELECT 1)
OFFSET @__p_1 ROWS FETCH NEXT @__p_2 ROWS ONLY
2024-07-17 18:57:09.127 -06:00 [INF] HTTP GET /api/restaurants responded 200 in 9.1897 ms
2024-07-17 19:46:01.582 -06:00 [WRN] Sensitive data logging is enabled. Log entries and exception messages may include sensitive application data; this mode should only be enabled during development.
2024-07-17 19:46:01.638 -06:00 [WRN] The entity type 'Address' is an optional dependent using table sharing without any required non shared property that could be used to identify whether the entity exists. If all nullable properties contain a null value in database then an object instance won't be created in the query. Add a required property to create instances with null values for other properties or mark the incoming navigation as required to always create an instance.
2024-07-17 19:46:01.644 -06:00 [WRN] No store type was specified for the decimal property 'Price' on entity type 'Dish'. This will cause values to be silently truncated if they do not fit in the default precision and scale. Explicitly specify the SQL server column type that can accommodate all the values in 'OnModelCreating' using 'HasColumnType', specify precision and scale using 'HasPrecision', or configure a value converter using 'HasConversion'.
2024-07-17 19:46:02.568 -06:00 [INF] Executed DbCommand (11ms) [Parameters=[], CommandType='"Text"', CommandTimeout='30']
SELECT CASE
    WHEN EXISTS (
        SELECT 1
        FROM [Restaurants] AS [r]) THEN CAST(1 AS bit)
    ELSE CAST(0 AS bit)
END
2024-07-17 19:46:02.584 -06:00 [INF] Executed DbCommand (2ms) [Parameters=[], CommandType='"Text"', CommandTimeout='30']
SELECT CASE
    WHEN EXISTS (
        SELECT 1
        FROM [AspNetRoles] AS [a]) THEN CAST(1 AS bit)
    ELSE CAST(0 AS bit)
END
2024-07-17 19:47:04.549 -06:00 [INF] HTTP GET /api/restaurants responded 400 in 77.5646 ms
2024-07-17 19:47:18.311 -06:00 [INF] HTTP GET /api/restaurants responded 400 in 2.8935 ms
2024-07-17 19:48:18.655 -06:00 [INF] HTTP GET /api/restaurants responded 400 in 26736.4249 ms
2024-07-17 19:48:41.531 -06:00 [INF] HTTP GET /api/restaurants responded 400 in 3132.0260 ms
2024-07-17 19:49:20.492 -06:00 [INF] HTTP GET /api/restaurants responded 400 in 0.8422 ms
2024-07-17 19:49:53.477 -06:00 [WRN] Sensitive data logging is enabled. Log entries and exception messages may include sensitive application data; this mode should only be enabled during development.
2024-07-17 19:49:53.533 -06:00 [WRN] The entity type 'Address' is an optional dependent using table sharing without any required non shared property that could be used to identify whether the entity exists. If all nullable properties contain a null value in database then an object instance won't be created in the query. Add a required property to create instances with null values for other properties or mark the incoming navigation as required to always create an instance.
2024-07-17 19:49:53.540 -06:00 [WRN] No store type was specified for the decimal property 'Price' on entity type 'Dish'. This will cause values to be silently truncated if they do not fit in the default precision and scale. Explicitly specify the SQL server column type that can accommodate all the values in 'OnModelCreating' using 'HasColumnType', specify precision and scale using 'HasPrecision', or configure a value converter using 'HasConversion'.
2024-07-17 19:49:53.905 -06:00 [INF] Executed DbCommand (11ms) [Parameters=[], CommandType='"Text"', CommandTimeout='30']
SELECT CASE
    WHEN EXISTS (
        SELECT 1
        FROM [Restaurants] AS [r]) THEN CAST(1 AS bit)
    ELSE CAST(0 AS bit)
END
2024-07-17 19:49:53.921 -06:00 [INF] Executed DbCommand (2ms) [Parameters=[], CommandType='"Text"', CommandTimeout='30']
SELECT CASE
    WHEN EXISTS (
        SELECT 1
        FROM [AspNetRoles] AS [a]) THEN CAST(1 AS bit)
    ELSE CAST(0 AS bit)
END
2024-07-17 19:49:55.270 -06:00 [INF] HTTP GET /api/restaurants responded 400 in 69.4145 ms
2024-07-17 19:50:05.112 -06:00 [INF] HTTP GET /api/restaurants responded 400 in 3.3168 ms
2024-07-17 19:50:06.152 -06:00 [INF] HTTP GET /api/restaurants responded 400 in 3.5513 ms
2024-07-17 19:50:07.321 -06:00 [INF] HTTP GET /api/restaurants responded 400 in 0.9039 ms
2024-07-17 19:50:40.213 -06:00 [WRN] Sensitive data logging is enabled. Log entries and exception messages may include sensitive application data; this mode should only be enabled during development.
2024-07-17 19:50:40.270 -06:00 [WRN] The entity type 'Address' is an optional dependent using table sharing without any required non shared property that could be used to identify whether the entity exists. If all nullable properties contain a null value in database then an object instance won't be created in the query. Add a required property to create instances with null values for other properties or mark the incoming navigation as required to always create an instance.
2024-07-17 19:50:40.276 -06:00 [WRN] No store type was specified for the decimal property 'Price' on entity type 'Dish'. This will cause values to be silently truncated if they do not fit in the default precision and scale. Explicitly specify the SQL server column type that can accommodate all the values in 'OnModelCreating' using 'HasColumnType', specify precision and scale using 'HasPrecision', or configure a value converter using 'HasConversion'.
2024-07-17 19:50:40.631 -06:00 [INF] Executed DbCommand (11ms) [Parameters=[], CommandType='"Text"', CommandTimeout='30']
SELECT CASE
    WHEN EXISTS (
        SELECT 1
        FROM [Restaurants] AS [r]) THEN CAST(1 AS bit)
    ELSE CAST(0 AS bit)
END
2024-07-17 19:50:40.646 -06:00 [INF] Executed DbCommand (2ms) [Parameters=[], CommandType='"Text"', CommandTimeout='30']
SELECT CASE
    WHEN EXISTS (
        SELECT 1
        FROM [AspNetRoles] AS [a]) THEN CAST(1 AS bit)
    ELSE CAST(0 AS bit)
END
2024-07-17 19:50:58.814 -06:00 [INF] HTTP GET /api/restaurants responded 400 in 69.7598 ms
2024-07-17 19:51:23.333 -06:00 [WRN] Sensitive data logging is enabled. Log entries and exception messages may include sensitive application data; this mode should only be enabled during development.
2024-07-17 19:51:23.394 -06:00 [WRN] The entity type 'Address' is an optional dependent using table sharing without any required non shared property that could be used to identify whether the entity exists. If all nullable properties contain a null value in database then an object instance won't be created in the query. Add a required property to create instances with null values for other properties or mark the incoming navigation as required to always create an instance.
2024-07-17 19:51:23.400 -06:00 [WRN] No store type was specified for the decimal property 'Price' on entity type 'Dish'. This will cause values to be silently truncated if they do not fit in the default precision and scale. Explicitly specify the SQL server column type that can accommodate all the values in 'OnModelCreating' using 'HasColumnType', specify precision and scale using 'HasPrecision', or configure a value converter using 'HasConversion'.
2024-07-17 19:51:23.762 -06:00 [INF] Executed DbCommand (12ms) [Parameters=[], CommandType='"Text"', CommandTimeout='30']
SELECT CASE
    WHEN EXISTS (
        SELECT 1
        FROM [Restaurants] AS [r]) THEN CAST(1 AS bit)
    ELSE CAST(0 AS bit)
END
2024-07-17 19:51:23.780 -06:00 [INF] Executed DbCommand (2ms) [Parameters=[], CommandType='"Text"', CommandTimeout='30']
SELECT CASE
    WHEN EXISTS (
        SELECT 1
        FROM [AspNetRoles] AS [a]) THEN CAST(1 AS bit)
    ELSE CAST(0 AS bit)
END
2024-07-17 19:51:42.363 -06:00 [INF] Fetching all restaurants
2024-07-17 19:51:42.447 -06:00 [INF] Executed DbCommand (22ms) [Parameters=[@__searchPhraseLow_0_contains='%' (Size = 4000)], CommandType='"Text"', CommandTimeout='30']
SELECT COUNT(*)
FROM [Restaurants] AS [r]
WHERE LOWER([r].[Name]) LIKE @__searchPhraseLow_0_contains ESCAPE N'\' OR LOWER([r].[Description]) LIKE @__searchPhraseLow_0_contains ESCAPE N'\'
2024-07-17 19:51:42.460 -06:00 [WRN] The query uses a row limiting operator ('Skip'/'Take') without an 'OrderBy' operator. This may lead to unpredictable results. If the 'Distinct' operator is used after 'OrderBy', then make sure to use the 'OrderBy' operator after 'Distinct' as the ordering would otherwise get erased.
2024-07-17 19:51:42.461 -06:00 [WRN] The query uses a row limiting operator ('Skip'/'Take') without an 'OrderBy' operator. This may lead to unpredictable results. If the 'Distinct' operator is used after 'OrderBy', then make sure to use the 'OrderBy' operator after 'Distinct' as the ordering would otherwise get erased.
2024-07-17 19:51:42.488 -06:00 [INF] Executed DbCommand (2ms) [Parameters=[@__searchPhraseLow_0_contains='%' (Size = 4000), @__p_1='0', @__p_2='4'], CommandType='"Text"', CommandTimeout='30']
SELECT [r].[Id], [r].[Category], [r].[ContactEmail], [r].[ContactNumber], [r].[Description], [r].[HasDelivery], [r].[Name], [r].[OwnerId], [r].[Address_City], [r].[Address_PostalCode], [r].[Address_Street]
FROM [Restaurants] AS [r]
WHERE LOWER([r].[Name]) LIKE @__searchPhraseLow_0_contains ESCAPE N'\' OR LOWER([r].[Description]) LIKE @__searchPhraseLow_0_contains ESCAPE N'\'
ORDER BY (SELECT 1)
OFFSET @__p_1 ROWS FETCH NEXT @__p_2 ROWS ONLY
2024-07-17 19:51:42.561 -06:00 [INF] HTTP GET /api/restaurants responded 200 in 9503.9118 ms
2024-07-17 19:52:25.984 -06:00 [INF] HTTP GET /api/restaurants responded 400 in 20.9888 ms
2024-07-17 19:53:25.616 -06:00 [WRN] Sensitive data logging is enabled. Log entries and exception messages may include sensitive application data; this mode should only be enabled during development.
2024-07-17 19:53:25.670 -06:00 [WRN] The entity type 'Address' is an optional dependent using table sharing without any required non shared property that could be used to identify whether the entity exists. If all nullable properties contain a null value in database then an object instance won't be created in the query. Add a required property to create instances with null values for other properties or mark the incoming navigation as required to always create an instance.
2024-07-17 19:53:25.676 -06:00 [WRN] No store type was specified for the decimal property 'Price' on entity type 'Dish'. This will cause values to be silently truncated if they do not fit in the default precision and scale. Explicitly specify the SQL server column type that can accommodate all the values in 'OnModelCreating' using 'HasColumnType', specify precision and scale using 'HasPrecision', or configure a value converter using 'HasConversion'.
2024-07-17 19:53:26.047 -06:00 [INF] Executed DbCommand (11ms) [Parameters=[], CommandType='"Text"', CommandTimeout='30']
SELECT CASE
    WHEN EXISTS (
        SELECT 1
        FROM [Restaurants] AS [r]) THEN CAST(1 AS bit)
    ELSE CAST(0 AS bit)
END
2024-07-17 19:53:26.062 -06:00 [INF] Executed DbCommand (2ms) [Parameters=[], CommandType='"Text"', CommandTimeout='30']
SELECT CASE
    WHEN EXISTS (
        SELECT 1
        FROM [AspNetRoles] AS [a]) THEN CAST(1 AS bit)
    ELSE CAST(0 AS bit)
END
2024-07-17 19:54:02.488 -06:00 [INF] Fetching all restaurants
2024-07-17 19:54:02.579 -06:00 [INF] Executed DbCommand (22ms) [Parameters=[@__searchPhraseLow_0_contains='%' (Size = 4000)], CommandType='"Text"', CommandTimeout='30']
SELECT COUNT(*)
FROM [Restaurants] AS [r]
WHERE LOWER([r].[Name]) LIKE @__searchPhraseLow_0_contains ESCAPE N'\' OR LOWER([r].[Description]) LIKE @__searchPhraseLow_0_contains ESCAPE N'\'
2024-07-17 19:54:02.621 -06:00 [INF] Executed DbCommand (3ms) [Parameters=[@__searchPhraseLow_0_contains='%' (Size = 4000), @__p_1='0', @__p_2='4'], CommandType='"Text"', CommandTimeout='30']
SELECT [r].[Id], [r].[Category], [r].[ContactEmail], [r].[ContactNumber], [r].[Description], [r].[HasDelivery], [r].[Name], [r].[OwnerId], [r].[Address_City], [r].[Address_PostalCode], [r].[Address_Street]
FROM [Restaurants] AS [r]
WHERE LOWER([r].[Name]) LIKE @__searchPhraseLow_0_contains ESCAPE N'\' OR LOWER([r].[Description]) LIKE @__searchPhraseLow_0_contains ESCAPE N'\'
ORDER BY [r].[Name] DESC
OFFSET @__p_1 ROWS FETCH NEXT @__p_2 ROWS ONLY
2024-07-17 19:54:02.694 -06:00 [INF] HTTP GET /api/restaurants responded 200 in 30757.0785 ms
2024-07-17 19:54:49.665 -06:00 [INF] Fetching all restaurants
2024-07-17 19:54:49.702 -06:00 [INF] Executed DbCommand (1ms) [Parameters=[@__searchPhraseLow_0_contains='%s%' (Size = 4000)], CommandType='"Text"', CommandTimeout='30']
SELECT COUNT(*)
FROM [Restaurants] AS [r]
WHERE LOWER([r].[Name]) LIKE @__searchPhraseLow_0_contains ESCAPE N'\' OR LOWER([r].[Description]) LIKE @__searchPhraseLow_0_contains ESCAPE N'\'
2024-07-17 19:54:49.715 -06:00 [INF] Executed DbCommand (1ms) [Parameters=[@__searchPhraseLow_0_contains='%s%' (Size = 4000), @__p_1='0', @__p_2='4'], CommandType='"Text"', CommandTimeout='30']
SELECT [r].[Id], [r].[Category], [r].[ContactEmail], [r].[ContactNumber], [r].[Description], [r].[HasDelivery], [r].[Name], [r].[OwnerId], [r].[Address_City], [r].[Address_PostalCode], [r].[Address_Street]
FROM [Restaurants] AS [r]
WHERE LOWER([r].[Name]) LIKE @__searchPhraseLow_0_contains ESCAPE N'\' OR LOWER([r].[Description]) LIKE @__searchPhraseLow_0_contains ESCAPE N'\'
ORDER BY [r].[Name] DESC
OFFSET @__p_1 ROWS FETCH NEXT @__p_2 ROWS ONLY
2024-07-17 19:54:53.318 -06:00 [INF] HTTP GET /api/restaurants responded 200 in 20534.0433 ms
2024-07-17 19:55:12.832 -06:00 [INF] Fetching all restaurants
2024-07-17 19:55:12.834 -06:00 [INF] Executed DbCommand (1ms) [Parameters=[@__searchPhraseLow_0_contains='%' (Size = 4000)], CommandType='"Text"', CommandTimeout='30']
SELECT COUNT(*)
FROM [Restaurants] AS [r]
WHERE LOWER([r].[Name]) LIKE @__searchPhraseLow_0_contains ESCAPE N'\' OR LOWER([r].[Description]) LIKE @__searchPhraseLow_0_contains ESCAPE N'\'
2024-07-17 19:55:12.840 -06:00 [INF] Executed DbCommand (0ms) [Parameters=[@__searchPhraseLow_0_contains='%' (Size = 4000), @__p_1='0', @__p_2='4'], CommandType='"Text"', CommandTimeout='30']
SELECT [r].[Id], [r].[Category], [r].[ContactEmail], [r].[ContactNumber], [r].[Description], [r].[HasDelivery], [r].[Name], [r].[OwnerId], [r].[Address_City], [r].[Address_PostalCode], [r].[Address_Street]
FROM [Restaurants] AS [r]
WHERE LOWER([r].[Name]) LIKE @__searchPhraseLow_0_contains ESCAPE N'\' OR LOWER([r].[Description]) LIKE @__searchPhraseLow_0_contains ESCAPE N'\'
ORDER BY [r].[Name] DESC
OFFSET @__p_1 ROWS FETCH NEXT @__p_2 ROWS ONLY
2024-07-17 19:55:12.841 -06:00 [INF] HTTP GET /api/restaurants responded 200 in 6531.1854 ms
2024-07-17 19:56:03.848 -06:00 [INF] Fetching all restaurants
2024-07-17 19:56:03.851 -06:00 [INF] Executed DbCommand (1ms) [Parameters=[@__searchPhraseLow_0_contains='%' (Size = 4000)], CommandType='"Text"', CommandTimeout='30']
SELECT COUNT(*)
FROM [Restaurants] AS [r]
WHERE LOWER([r].[Name]) LIKE @__searchPhraseLow_0_contains ESCAPE N'\' OR LOWER([r].[Description]) LIKE @__searchPhraseLow_0_contains ESCAPE N'\'
2024-07-17 19:56:03.863 -06:00 [INF] Executed DbCommand (2ms) [Parameters=[@__searchPhraseLow_0_contains='%' (Size = 4000), @__p_1='0', @__p_2='9'], CommandType='"Text"', CommandTimeout='30']
SELECT [r].[Id], [r].[Category], [r].[ContactEmail], [r].[ContactNumber], [r].[Description], [r].[HasDelivery], [r].[Name], [r].[OwnerId], [r].[Address_City], [r].[Address_PostalCode], [r].[Address_Street]
FROM [Restaurants] AS [r]
WHERE LOWER([r].[Name]) LIKE @__searchPhraseLow_0_contains ESCAPE N'\' OR LOWER([r].[Description]) LIKE @__searchPhraseLow_0_contains ESCAPE N'\'
ORDER BY [r].[Name]
OFFSET @__p_1 ROWS FETCH NEXT @__p_2 ROWS ONLY
2024-07-17 19:56:03.865 -06:00 [INF] HTTP GET /api/restaurants responded 200 in 17.5168 ms
2024-07-17 19:56:15.342 -06:00 [INF] Fetching all restaurants
2024-07-17 19:56:15.344 -06:00 [INF] Executed DbCommand (1ms) [Parameters=[@__searchPhraseLow_0_contains='%' (Size = 4000)], CommandType='"Text"', CommandTimeout='30']
SELECT COUNT(*)
FROM [Restaurants] AS [r]
WHERE LOWER([r].[Name]) LIKE @__searchPhraseLow_0_contains ESCAPE N'\' OR LOWER([r].[Description]) LIKE @__searchPhraseLow_0_contains ESCAPE N'\'
2024-07-17 19:56:15.346 -06:00 [INF] Executed DbCommand (0ms) [Parameters=[@__searchPhraseLow_0_contains='%' (Size = 4000), @__p_1='0', @__p_2='9'], CommandType='"Text"', CommandTimeout='30']
SELECT [r].[Id], [r].[Category], [r].[ContactEmail], [r].[ContactNumber], [r].[Description], [r].[HasDelivery], [r].[Name], [r].[OwnerId], [r].[Address_City], [r].[Address_PostalCode], [r].[Address_Street]
FROM [Restaurants] AS [r]
WHERE LOWER([r].[Name]) LIKE @__searchPhraseLow_0_contains ESCAPE N'\' OR LOWER([r].[Description]) LIKE @__searchPhraseLow_0_contains ESCAPE N'\'
ORDER BY [r].[Name] DESC
OFFSET @__p_1 ROWS FETCH NEXT @__p_2 ROWS ONLY
2024-07-17 19:56:15.348 -06:00 [INF] HTTP GET /api/restaurants responded 200 in 6.7073 ms
